{"E:\\Projetos\\gofinances\\src\\@types\\svg\\index.d.ts": {"path":"E:\\Projetos\\gofinances\\src\\@types\\svg\\index.d.ts","statementMap":{},"fnMap":{},"branchMap":{},"s":{},"f":{},"b":{}}
,"E:\\Projetos\\gofinances\\src\\components\\Form\\Button\\index.tsx": {"path":"E:\\Projetos\\gofinances\\src\\components\\Form\\Button\\index.tsx","statementMap":{"0":{"start":{"line":15,"column":4},"end":{"line":21,"column":5}}},"fnMap":{"0":{"name":"Button","decl":{"start":{"line":11,"column":16},"end":{"line":11,"column":22}},"loc":{"start":{"line":14,"column":22},"end":{"line":22,"column":1}},"line":14}},"branchMap":{},"s":{"0":4},"f":{"0":4},"b":{},"_coverageSchema":"1a1c01bbd47fc00a2c39e90264f33305004495a9","hash":"b2ba423503ac27b07a1bcd7a4ed46e0e1018e7b0"}
,"E:\\Projetos\\gofinances\\src\\components\\Form\\Button\\styles.ts": {"path":"E:\\Projetos\\gofinances\\src\\components\\Form\\Button\\styles.ts","statementMap":{"0":{"start":{"line":6,"column":25},"end":{"line":12,"column":1}},"1":{"start":{"line":8,"column":39},"end":{"line":8,"column":61}},"2":{"start":{"line":14,"column":21},"end":{"line":18,"column":1}},"3":{"start":{"line":15,"column":34},"end":{"line":15,"column":52}},"4":{"start":{"line":17,"column":28},"end":{"line":17,"column":46}}},"fnMap":{"0":{"name":"(anonymous_0)","decl":{"start":{"line":8,"column":24},"end":{"line":8,"column":25}},"loc":{"start":{"line":8,"column":39},"end":{"line":8,"column":61}},"line":8},"1":{"name":"(anonymous_1)","decl":{"start":{"line":15,"column":19},"end":{"line":15,"column":20}},"loc":{"start":{"line":15,"column":34},"end":{"line":15,"column":52}},"line":15},"2":{"name":"(anonymous_2)","decl":{"start":{"line":17,"column":13},"end":{"line":17,"column":14}},"loc":{"start":{"line":17,"column":28},"end":{"line":17,"column":46}},"line":17}},"branchMap":{},"s":{"0":1,"1":4,"2":1,"3":4,"4":4},"f":{"0":4,"1":4,"2":4},"b":{},"_coverageSchema":"1a1c01bbd47fc00a2c39e90264f33305004495a9","hash":"d7981c8828f3e76a31b03d05735b03bebbb88264"}
,"E:\\Projetos\\gofinances\\src\\components\\Form\\CategorySelectButton\\index.tsx": {"path":"E:\\Projetos\\gofinances\\src\\components\\Form\\CategorySelectButton\\index.tsx","statementMap":{"0":{"start":{"line":12,"column":2},"end":{"line":17,"column":4}}},"fnMap":{"0":{"name":"CategorySelectButton","decl":{"start":{"line":11,"column":16},"end":{"line":11,"column":36}},"loc":{"start":{"line":11,"column":72},"end":{"line":18,"column":1}},"line":11}},"branchMap":{},"s":{"0":2},"f":{"0":2},"b":{},"_coverageSchema":"1a1c01bbd47fc00a2c39e90264f33305004495a9","hash":"c2104f70c93e0b48799ab5fd1a91273c19a9794c"}
,"E:\\Projetos\\gofinances\\src\\components\\Form\\CategorySelectButton\\styles.ts": {"path":"E:\\Projetos\\gofinances\\src\\components\\Form\\CategorySelectButton\\styles.ts","statementMap":{"0":{"start":{"line":6,"column":25},"end":{"line":15,"column":1}},"1":{"start":{"line":9,"column":39},"end":{"line":9,"column":57}},"2":{"start":{"line":17,"column":24},"end":{"line":20,"column":1}},"3":{"start":{"line":18,"column":34},"end":{"line":18,"column":53}},"4":{"start":{"line":22,"column":20},"end":{"line":25,"column":1}},"5":{"start":{"line":24,"column":28},"end":{"line":24,"column":45}}},"fnMap":{"0":{"name":"(anonymous_0)","decl":{"start":{"line":9,"column":24},"end":{"line":9,"column":25}},"loc":{"start":{"line":9,"column":39},"end":{"line":9,"column":57}},"line":9},"1":{"name":"(anonymous_1)","decl":{"start":{"line":18,"column":19},"end":{"line":18,"column":20}},"loc":{"start":{"line":18,"column":34},"end":{"line":18,"column":53}},"line":18},"2":{"name":"(anonymous_2)","decl":{"start":{"line":24,"column":13},"end":{"line":24,"column":14}},"loc":{"start":{"line":24,"column":28},"end":{"line":24,"column":45}},"line":24}},"branchMap":{},"s":{"0":1,"1":2,"2":1,"3":2,"4":1,"5":2},"f":{"0":2,"1":2,"2":2},"b":{},"_coverageSchema":"1a1c01bbd47fc00a2c39e90264f33305004495a9","hash":"f0550861bf80ba8176c8c746c6f14bfdfd6d36d8"}
,"E:\\Projetos\\gofinances\\src\\components\\Form\\Input\\index.tsx": {"path":"E:\\Projetos\\gofinances\\src\\components\\Form\\Input\\index.tsx","statementMap":{"0":{"start":{"line":11,"column":2},"end":{"line":11,"column":49}}},"fnMap":{"0":{"name":"Input","decl":{"start":{"line":10,"column":16},"end":{"line":10,"column":21}},"loc":{"start":{"line":10,"column":58},"end":{"line":12,"column":1}},"line":10}},"branchMap":{"0":{"loc":{"start":{"line":10,"column":24},"end":{"line":10,"column":38}},"type":"default-arg","locations":[{"start":{"line":10,"column":33},"end":{"line":10,"column":38}}],"line":10}},"s":{"0":5},"f":{"0":5},"b":{"0":[4]},"_coverageSchema":"1a1c01bbd47fc00a2c39e90264f33305004495a9","hash":"df7c715043c057bfda10103ac09b0dc993829ec7"}
,"E:\\Projetos\\gofinances\\src\\components\\Form\\Input\\styles.ts": {"path":"E:\\Projetos\\gofinances\\src\\components\\Form\\Input\\styles.ts","statementMap":{"0":{"start":{"line":9,"column":25},"end":{"line":25,"column":1}},"1":{"start":{"line":12,"column":32},"end":{"line":12,"column":51}},"2":{"start":{"line":14,"column":26},"end":{"line":14,"column":48}},"3":{"start":{"line":15,"column":37},"end":{"line":15,"column":55}},"4":{"start":{"line":20,"column":4},"end":{"line":24,"column":5}}},"fnMap":{"0":{"name":"(anonymous_0)","decl":{"start":{"line":12,"column":17},"end":{"line":12,"column":18}},"loc":{"start":{"line":12,"column":32},"end":{"line":12,"column":51}},"line":12},"1":{"name":"(anonymous_1)","decl":{"start":{"line":14,"column":11},"end":{"line":14,"column":12}},"loc":{"start":{"line":14,"column":26},"end":{"line":14,"column":48}},"line":14},"2":{"name":"(anonymous_2)","decl":{"start":{"line":15,"column":22},"end":{"line":15,"column":23}},"loc":{"start":{"line":15,"column":37},"end":{"line":15,"column":55}},"line":15},"3":{"name":"(anonymous_3)","decl":{"start":{"line":19,"column":4},"end":{"line":19,"column":5}},"loc":{"start":{"line":20,"column":4},"end":{"line":24,"column":5}},"line":20}},"branchMap":{"0":{"loc":{"start":{"line":20,"column":4},"end":{"line":24,"column":5}},"type":"binary-expr","locations":[{"start":{"line":20,"column":4},"end":{"line":20,"column":10}},{"start":{"line":21,"column":4},"end":{"line":24,"column":5}}],"line":20}},"s":{"0":2,"1":5,"2":5,"3":5,"4":5},"f":{"0":5,"1":5,"2":5,"3":5},"b":{"0":[5,1]},"_coverageSchema":"1a1c01bbd47fc00a2c39e90264f33305004495a9","hash":"2b900d8953d1e8918f87575e26aff726a6107b2c"}
,"E:\\Projetos\\gofinances\\src\\components\\Form\\InputForm\\index.tsx": {"path":"E:\\Projetos\\gofinances\\src\\components\\Form\\InputForm\\index.tsx","statementMap":{"0":{"start":{"line":20,"column":4},"end":{"line":35,"column":6}},"1":{"start":{"line":25,"column":20},"end":{"line":29,"column":22}}},"fnMap":{"0":{"name":"InputForm","decl":{"start":{"line":14,"column":16},"end":{"line":14,"column":25}},"loc":{"start":{"line":19,"column":10},"end":{"line":36,"column":1}},"line":19},"1":{"name":"(anonymous_1)","decl":{"start":{"line":24,"column":24},"end":{"line":24,"column":25}},"loc":{"start":{"line":25,"column":20},"end":{"line":29,"column":22}},"line":25}},"branchMap":{"0":{"loc":{"start":{"line":33,"column":13},"end":{"line":33,"column":44}},"type":"binary-expr","locations":[{"start":{"line":33,"column":13},"end":{"line":33,"column":18}},{"start":{"line":33,"column":22},"end":{"line":33,"column":44}}],"line":33}},"s":{"0":4,"1":4},"f":{"0":4,"1":4},"b":{"0":[4,0]},"_coverageSchema":"1a1c01bbd47fc00a2c39e90264f33305004495a9","hash":"4df6d8a725c1e8a9eb4d6eb7a5f54592e5bb8d5a"}
,"E:\\Projetos\\gofinances\\src\\components\\Form\\InputForm\\styles.ts": {"path":"E:\\Projetos\\gofinances\\src\\components\\Form\\InputForm\\styles.ts","statementMap":{"0":{"start":{"line":4,"column":25},"end":{"line":6,"column":1}},"1":{"start":{"line":8,"column":21},"end":{"line":13,"column":1}},"2":{"start":{"line":10,"column":34},"end":{"line":10,"column":53}},"3":{"start":{"line":11,"column":28},"end":{"line":11,"column":50}}},"fnMap":{"0":{"name":"(anonymous_0)","decl":{"start":{"line":10,"column":19},"end":{"line":10,"column":20}},"loc":{"start":{"line":10,"column":34},"end":{"line":10,"column":53}},"line":10},"1":{"name":"(anonymous_1)","decl":{"start":{"line":11,"column":13},"end":{"line":11,"column":14}},"loc":{"start":{"line":11,"column":28},"end":{"line":11,"column":50}},"line":11}},"branchMap":{},"s":{"0":1,"1":1,"2":0,"3":0},"f":{"0":0,"1":0},"b":{},"_coverageSchema":"1a1c01bbd47fc00a2c39e90264f33305004495a9","hash":"d3ce27b036311e1263609bbf9383a5bea672668a"}
,"E:\\Projetos\\gofinances\\src\\components\\Form\\TransactionTypeButton\\index.tsx": {"path":"E:\\Projetos\\gofinances\\src\\components\\Form\\TransactionTypeButton\\index.tsx","statementMap":{"0":{"start":{"line":10,"column":14},"end":{"line":13,"column":1}},"1":{"start":{"line":22,"column":4},"end":{"line":39,"column":6}}},"fnMap":{"0":{"name":"TransactionTypeButton","decl":{"start":{"line":21,"column":16},"end":{"line":21,"column":37}},"loc":{"start":{"line":21,"column":81},"end":{"line":40,"column":1}},"line":21}},"branchMap":{},"s":{"0":1,"1":4},"f":{"0":4},"b":{},"_coverageSchema":"1a1c01bbd47fc00a2c39e90264f33305004495a9","hash":"2d6791f08deb7bdfe804f8e67eb461c68da5af65"}
,"E:\\Projetos\\gofinances\\src\\components\\Form\\TransactionTypeButton\\styles.ts": {"path":"E:\\Projetos\\gofinances\\src\\components\\Form\\TransactionTypeButton\\styles.ts","statementMap":{"0":{"start":{"line":15,"column":25},"end":{"line":29,"column":1}},"1":{"start":{"line":18,"column":38},"end":{"line":18,"column":56}},"2":{"start":{"line":20,"column":35},"end":{"line":20,"column":52}},"3":{"start":{"line":23,"column":30},"end":{"line":25,"column":5}},"4":{"start":{"line":24,"column":43},"end":{"line":24,"column":69}},"5":{"start":{"line":26,"column":30},"end":{"line":28,"column":5}},"6":{"start":{"line":27,"column":43},"end":{"line":27,"column":71}},"7":{"start":{"line":31,"column":22},"end":{"line":36,"column":1}},"8":{"start":{"line":38,"column":20},"end":{"line":42,"column":1}},"9":{"start":{"line":41,"column":34},"end":{"line":41,"column":95}},"10":{"start":{"line":44,"column":21},"end":{"line":47,"column":1}},"11":{"start":{"line":45,"column":34},"end":{"line":45,"column":53}}},"fnMap":{"0":{"name":"(anonymous_0)","decl":{"start":{"line":18,"column":20},"end":{"line":18,"column":21}},"loc":{"start":{"line":18,"column":38},"end":{"line":18,"column":56}},"line":18},"1":{"name":"(anonymous_1)","decl":{"start":{"line":20,"column":20},"end":{"line":20,"column":21}},"loc":{"start":{"line":20,"column":35},"end":{"line":20,"column":52}},"line":20},"2":{"name":"(anonymous_2)","decl":{"start":{"line":23,"column":6},"end":{"line":23,"column":7}},"loc":{"start":{"line":23,"column":30},"end":{"line":25,"column":5}},"line":23},"3":{"name":"(anonymous_3)","decl":{"start":{"line":24,"column":28},"end":{"line":24,"column":29}},"loc":{"start":{"line":24,"column":43},"end":{"line":24,"column":69}},"line":24},"4":{"name":"(anonymous_4)","decl":{"start":{"line":26,"column":6},"end":{"line":26,"column":7}},"loc":{"start":{"line":26,"column":30},"end":{"line":28,"column":5}},"line":26},"5":{"name":"(anonymous_5)","decl":{"start":{"line":27,"column":28},"end":{"line":27,"column":29}},"loc":{"start":{"line":27,"column":43},"end":{"line":27,"column":71}},"line":27},"6":{"name":"(anonymous_6)","decl":{"start":{"line":41,"column":13},"end":{"line":41,"column":14}},"loc":{"start":{"line":41,"column":34},"end":{"line":41,"column":95}},"line":41},"7":{"name":"(anonymous_7)","decl":{"start":{"line":45,"column":19},"end":{"line":45,"column":20}},"loc":{"start":{"line":45,"column":34},"end":{"line":45,"column":53}},"line":45}},"branchMap":{"0":{"loc":{"start":{"line":18,"column":38},"end":{"line":18,"column":56}},"type":"cond-expr","locations":[{"start":{"line":18,"column":49},"end":{"line":18,"column":50}},{"start":{"line":18,"column":53},"end":{"line":18,"column":56}}],"line":18},"1":{"loc":{"start":{"line":23,"column":30},"end":{"line":25,"column":5}},"type":"binary-expr","locations":[{"start":{"line":23,"column":30},"end":{"line":23,"column":38}},{"start":{"line":23,"column":42},"end":{"line":23,"column":55}},{"start":{"line":23,"column":59},"end":{"line":25,"column":5}}],"line":23},"2":{"loc":{"start":{"line":26,"column":30},"end":{"line":28,"column":5}},"type":"binary-expr","locations":[{"start":{"line":26,"column":30},"end":{"line":26,"column":38}},{"start":{"line":26,"column":42},"end":{"line":26,"column":57}},{"start":{"line":26,"column":61},"end":{"line":28,"column":5}}],"line":26},"3":{"loc":{"start":{"line":41,"column":34},"end":{"line":41,"column":95}},"type":"cond-expr","locations":[{"start":{"line":41,"column":50},"end":{"line":41,"column":70}},{"start":{"line":41,"column":73},"end":{"line":41,"column":95}}],"line":41}},"s":{"0":1,"1":4,"2":4,"3":4,"4":0,"5":4,"6":0,"7":1,"8":1,"9":4,"10":1,"11":4},"f":{"0":4,"1":4,"2":4,"3":0,"4":4,"5":0,"6":4,"7":4},"b":{"0":[0,4],"1":[4,0,0],"2":[4,0,0],"3":[2,2]},"_coverageSchema":"1a1c01bbd47fc00a2c39e90264f33305004495a9","hash":"6cca8831b8644eadcf73d247206d738b5aad61af"}
,"E:\\Projetos\\gofinances\\src\\components\\HighlightCard\\index.tsx": {"path":"E:\\Projetos\\gofinances\\src\\components\\HighlightCard\\index.tsx","statementMap":{"0":{"start":{"line":20,"column":13},"end":{"line":24,"column":1}},"1":{"start":{"line":32,"column":4},"end":{"line":43,"column":5}}},"fnMap":{"0":{"name":"HighlightCard","decl":{"start":{"line":26,"column":16},"end":{"line":26,"column":29}},"loc":{"start":{"line":31,"column":10},"end":{"line":44,"column":1}},"line":31}},"branchMap":{},"s":{"0":0,"1":0},"f":{"0":0},"b":{}}
,"E:\\Projetos\\gofinances\\src\\components\\HighlightCard\\styles.ts": {"path":"E:\\Projetos\\gofinances\\src\\components\\HighlightCard\\styles.ts","statementMap":{"0":{"start":{"line":9,"column":25},"end":{"line":17,"column":1}},"1":{"start":{"line":11,"column":8},"end":{"line":11,"column":70}},"2":{"start":{"line":19,"column":22},"end":{"line":22,"column":1}},"3":{"start":{"line":24,"column":21},"end":{"line":30,"column":1}},"4":{"start":{"line":25,"column":34},"end":{"line":25,"column":53}},"5":{"start":{"line":29,"column":8},"end":{"line":29,"column":70}},"6":{"start":{"line":32,"column":20},"end":{"line":46,"column":1}},"7":{"start":{"line":35,"column":16},"end":{"line":37,"column":5}},"8":{"start":{"line":36,"column":32},"end":{"line":36,"column":52}},"9":{"start":{"line":39,"column":16},"end":{"line":41,"column":5}},"10":{"start":{"line":40,"column":32},"end":{"line":40,"column":54}},"11":{"start":{"line":43,"column":16},"end":{"line":45,"column":5}},"12":{"start":{"line":44,"column":32},"end":{"line":44,"column":50}},"13":{"start":{"line":48,"column":22},"end":{"line":50,"column":1}},"14":{"start":{"line":52,"column":22},"end":{"line":59,"column":1}},"15":{"start":{"line":53,"column":34},"end":{"line":53,"column":52}},"16":{"start":{"line":58,"column":8},"end":{"line":58,"column":70}},"17":{"start":{"line":61,"column":31},"end":{"line":67,"column":1}},"18":{"start":{"line":62,"column":34},"end":{"line":62,"column":53}},"19":{"start":{"line":66,"column":8},"end":{"line":66,"column":65}}},"fnMap":{"0":{"name":"(anonymous_0)","decl":{"start":{"line":10,"column":24},"end":{"line":10,"column":25}},"loc":{"start":{"line":11,"column":8},"end":{"line":11,"column":70}},"line":11},"1":{"name":"(anonymous_1)","decl":{"start":{"line":25,"column":19},"end":{"line":25,"column":20}},"loc":{"start":{"line":25,"column":34},"end":{"line":25,"column":53}},"line":25},"2":{"name":"(anonymous_2)","decl":{"start":{"line":28,"column":13},"end":{"line":28,"column":14}},"loc":{"start":{"line":29,"column":8},"end":{"line":29,"column":70}},"line":29},"3":{"name":"(anonymous_3)","decl":{"start":{"line":35,"column":6},"end":{"line":35,"column":7}},"loc":{"start":{"line":35,"column":16},"end":{"line":37,"column":5}},"line":35},"4":{"name":"(anonymous_4)","decl":{"start":{"line":36,"column":17},"end":{"line":36,"column":18}},"loc":{"start":{"line":36,"column":32},"end":{"line":36,"column":52}},"line":36},"5":{"name":"(anonymous_5)","decl":{"start":{"line":39,"column":6},"end":{"line":39,"column":7}},"loc":{"start":{"line":39,"column":16},"end":{"line":41,"column":5}},"line":39},"6":{"name":"(anonymous_6)","decl":{"start":{"line":40,"column":17},"end":{"line":40,"column":18}},"loc":{"start":{"line":40,"column":32},"end":{"line":40,"column":54}},"line":40},"7":{"name":"(anonymous_7)","decl":{"start":{"line":43,"column":6},"end":{"line":43,"column":7}},"loc":{"start":{"line":43,"column":16},"end":{"line":45,"column":5}},"line":43},"8":{"name":"(anonymous_8)","decl":{"start":{"line":44,"column":17},"end":{"line":44,"column":18}},"loc":{"start":{"line":44,"column":32},"end":{"line":44,"column":50}},"line":44},"9":{"name":"(anonymous_9)","decl":{"start":{"line":53,"column":19},"end":{"line":53,"column":20}},"loc":{"start":{"line":53,"column":34},"end":{"line":53,"column":52}},"line":53},"10":{"name":"(anonymous_10)","decl":{"start":{"line":57,"column":13},"end":{"line":57,"column":14}},"loc":{"start":{"line":58,"column":8},"end":{"line":58,"column":70}},"line":58},"11":{"name":"(anonymous_11)","decl":{"start":{"line":62,"column":19},"end":{"line":62,"column":20}},"loc":{"start":{"line":62,"column":34},"end":{"line":62,"column":53}},"line":62},"12":{"name":"(anonymous_12)","decl":{"start":{"line":65,"column":13},"end":{"line":65,"column":14}},"loc":{"start":{"line":66,"column":8},"end":{"line":66,"column":65}},"line":66}},"branchMap":{"0":{"loc":{"start":{"line":11,"column":8},"end":{"line":11,"column":70}},"type":"cond-expr","locations":[{"start":{"line":11,"column":27},"end":{"line":11,"column":49}},{"start":{"line":11,"column":52},"end":{"line":11,"column":70}}],"line":11},"1":{"loc":{"start":{"line":29,"column":8},"end":{"line":29,"column":70}},"type":"cond-expr","locations":[{"start":{"line":29,"column":27},"end":{"line":29,"column":45}},{"start":{"line":29,"column":48},"end":{"line":29,"column":70}}],"line":29},"2":{"loc":{"start":{"line":35,"column":16},"end":{"line":37,"column":5}},"type":"binary-expr","locations":[{"start":{"line":35,"column":16},"end":{"line":35,"column":29}},{"start":{"line":35,"column":33},"end":{"line":37,"column":5}}],"line":35},"3":{"loc":{"start":{"line":39,"column":16},"end":{"line":41,"column":5}},"type":"binary-expr","locations":[{"start":{"line":39,"column":16},"end":{"line":39,"column":31}},{"start":{"line":39,"column":35},"end":{"line":41,"column":5}}],"line":39},"4":{"loc":{"start":{"line":43,"column":16},"end":{"line":45,"column":5}},"type":"binary-expr","locations":[{"start":{"line":43,"column":16},"end":{"line":43,"column":32}},{"start":{"line":43,"column":36},"end":{"line":45,"column":5}}],"line":43},"5":{"loc":{"start":{"line":58,"column":8},"end":{"line":58,"column":70}},"type":"cond-expr","locations":[{"start":{"line":58,"column":27},"end":{"line":58,"column":45}},{"start":{"line":58,"column":48},"end":{"line":58,"column":70}}],"line":58},"6":{"loc":{"start":{"line":66,"column":8},"end":{"line":66,"column":65}},"type":"cond-expr","locations":[{"start":{"line":66,"column":27},"end":{"line":66,"column":45}},{"start":{"line":66,"column":48},"end":{"line":66,"column":65}}],"line":66}},"s":{"0":0,"1":0,"2":0,"3":0,"4":0,"5":0,"6":0,"7":0,"8":0,"9":0,"10":0,"11":0,"12":0,"13":0,"14":0,"15":0,"16":0,"17":0,"18":0,"19":0},"f":{"0":0,"1":0,"2":0,"3":0,"4":0,"5":0,"6":0,"7":0,"8":0,"9":0,"10":0,"11":0,"12":0},"b":{"0":[0,0],"1":[0,0],"2":[0,0],"3":[0,0],"4":[0,0],"5":[0,0],"6":[0,0]}}
,"E:\\Projetos\\gofinances\\src\\components\\HistoryCard\\index.tsx": {"path":"E:\\Projetos\\gofinances\\src\\components\\HistoryCard\\index.tsx","statementMap":{"0":{"start":{"line":20,"column":4},"end":{"line":25,"column":6}}},"fnMap":{"0":{"name":"HistoryCard","decl":{"start":{"line":15,"column":16},"end":{"line":15,"column":27}},"loc":{"start":{"line":19,"column":10},"end":{"line":26,"column":1}},"line":19}},"branchMap":{},"s":{"0":0},"f":{"0":0},"b":{}}
,"E:\\Projetos\\gofinances\\src\\components\\HistoryCard\\styles.ts": {"path":"E:\\Projetos\\gofinances\\src\\components\\HistoryCard\\styles.ts","statementMap":{"0":{"start":{"line":8,"column":25},"end":{"line":18,"column":1}},"1":{"start":{"line":10,"column":39},"end":{"line":10,"column":57}},"2":{"start":{"line":16,"column":40},"end":{"line":16,"column":45}},"3":{"start":{"line":20,"column":21},"end":{"line":23,"column":1}},"4":{"start":{"line":21,"column":34},"end":{"line":21,"column":53}},"5":{"start":{"line":25,"column":22},"end":{"line":28,"column":1}},"6":{"start":{"line":26,"column":31},"end":{"line":26,"column":47}}},"fnMap":{"0":{"name":"(anonymous_0)","decl":{"start":{"line":10,"column":24},"end":{"line":10,"column":25}},"loc":{"start":{"line":10,"column":39},"end":{"line":10,"column":57}},"line":10},"1":{"name":"(anonymous_1)","decl":{"start":{"line":16,"column":25},"end":{"line":16,"column":26}},"loc":{"start":{"line":16,"column":40},"end":{"line":16,"column":45}},"line":16},"2":{"name":"(anonymous_2)","decl":{"start":{"line":21,"column":19},"end":{"line":21,"column":20}},"loc":{"start":{"line":21,"column":34},"end":{"line":21,"column":53}},"line":21},"3":{"name":"(anonymous_3)","decl":{"start":{"line":26,"column":16},"end":{"line":26,"column":17}},"loc":{"start":{"line":26,"column":31},"end":{"line":26,"column":47}},"line":26}},"branchMap":{},"s":{"0":0,"1":0,"2":0,"3":0,"4":0,"5":0,"6":0},"f":{"0":0,"1":0,"2":0,"3":0},"b":{}}
,"E:\\Projetos\\gofinances\\src\\components\\SignInSocialButton\\index.tsx": {"path":"E:\\Projetos\\gofinances\\src\\components\\SignInSocialButton\\index.tsx","statementMap":{"0":{"start":{"line":21,"column":4},"end":{"line":31,"column":6}}},"fnMap":{"0":{"name":"SignInSocialButton","decl":{"start":{"line":16,"column":16},"end":{"line":16,"column":34}},"loc":{"start":{"line":20,"column":10},"end":{"line":32,"column":1}},"line":20}},"branchMap":{},"s":{"0":0},"f":{"0":0},"b":{}}
,"E:\\Projetos\\gofinances\\src\\components\\SignInSocialButton\\styles.ts": {"path":"E:\\Projetos\\gofinances\\src\\components\\SignInSocialButton\\styles.ts","statementMap":{"0":{"start":{"line":6,"column":22},"end":{"line":13,"column":1}},"1":{"start":{"line":8,"column":39},"end":{"line":8,"column":57}},"2":{"start":{"line":15,"column":30},"end":{"line":22,"column":1}},"3":{"start":{"line":20,"column":35},"end":{"line":20,"column":58}},"4":{"start":{"line":24,"column":20},"end":{"line":30,"column":1}},"5":{"start":{"line":28,"column":34},"end":{"line":28,"column":52}}},"fnMap":{"0":{"name":"(anonymous_0)","decl":{"start":{"line":8,"column":24},"end":{"line":8,"column":25}},"loc":{"start":{"line":8,"column":39},"end":{"line":8,"column":57}},"line":8},"1":{"name":"(anonymous_1)","decl":{"start":{"line":20,"column":20},"end":{"line":20,"column":21}},"loc":{"start":{"line":20,"column":35},"end":{"line":20,"column":58}},"line":20},"2":{"name":"(anonymous_2)","decl":{"start":{"line":28,"column":19},"end":{"line":28,"column":20}},"loc":{"start":{"line":28,"column":34},"end":{"line":28,"column":52}},"line":28}},"branchMap":{},"s":{"0":0,"1":0,"2":0,"3":0,"4":0,"5":0},"f":{"0":0,"1":0,"2":0},"b":{}}
,"E:\\Projetos\\gofinances\\src\\components\\TransactionCard\\index.tsx": {"path":"E:\\Projetos\\gofinances\\src\\components\\TransactionCard\\index.tsx","statementMap":{"0":{"start":{"line":30,"column":21},"end":{"line":30,"column":76}},"1":{"start":{"line":30,"column":47},"end":{"line":30,"column":72}},"2":{"start":{"line":32,"column":4},"end":{"line":54,"column":5}}},"fnMap":{"0":{"name":"TransactionCard","decl":{"start":{"line":28,"column":16},"end":{"line":28,"column":31}},"loc":{"start":{"line":28,"column":49},"end":{"line":55,"column":1}},"line":28},"1":{"name":"(anonymous_1)","decl":{"start":{"line":30,"column":39},"end":{"line":30,"column":40}},"loc":{"start":{"line":30,"column":47},"end":{"line":30,"column":72}},"line":30}},"branchMap":{"0":{"loc":{"start":{"line":39,"column":17},"end":{"line":39,"column":49}},"type":"binary-expr","locations":[{"start":{"line":39,"column":17},"end":{"line":39,"column":41}},{"start":{"line":39,"column":45},"end":{"line":39,"column":49}}],"line":39}},"s":{"0":0,"1":0,"2":0},"f":{"0":0,"1":0},"b":{"0":[0,0]}}
,"E:\\Projetos\\gofinances\\src\\components\\TransactionCard\\styles.ts": {"path":"E:\\Projetos\\gofinances\\src\\components\\TransactionCard\\styles.ts","statementMap":{"0":{"start":{"line":9,"column":25},"end":{"line":14,"column":1}},"1":{"start":{"line":10,"column":39},"end":{"line":10,"column":57}},"2":{"start":{"line":16,"column":21},"end":{"line":19,"column":1}},"3":{"start":{"line":18,"column":34},"end":{"line":18,"column":53}},"4":{"start":{"line":21,"column":22},"end":{"line":27,"column":1}},"5":{"start":{"line":23,"column":34},"end":{"line":23,"column":53}},"6":{"start":{"line":26,"column":8},"end":{"line":26,"column":75}},"7":{"start":{"line":29,"column":22},"end":{"line":34,"column":1}},"8":{"start":{"line":36,"column":24},"end":{"line":39,"column":1}},"9":{"start":{"line":41,"column":20},"end":{"line":44,"column":1}},"10":{"start":{"line":43,"column":28},"end":{"line":43,"column":45}},"11":{"start":{"line":46,"column":28},"end":{"line":50,"column":1}},"12":{"start":{"line":48,"column":28},"end":{"line":48,"column":45}},"13":{"start":{"line":52,"column":20},"end":{"line":55,"column":1}},"14":{"start":{"line":54,"column":28},"end":{"line":54,"column":45}}},"fnMap":{"0":{"name":"(anonymous_0)","decl":{"start":{"line":10,"column":24},"end":{"line":10,"column":25}},"loc":{"start":{"line":10,"column":39},"end":{"line":10,"column":57}},"line":10},"1":{"name":"(anonymous_1)","decl":{"start":{"line":18,"column":19},"end":{"line":18,"column":20}},"loc":{"start":{"line":18,"column":34},"end":{"line":18,"column":53}},"line":18},"2":{"name":"(anonymous_2)","decl":{"start":{"line":23,"column":19},"end":{"line":23,"column":20}},"loc":{"start":{"line":23,"column":34},"end":{"line":23,"column":53}},"line":23},"3":{"name":"(anonymous_3)","decl":{"start":{"line":25,"column":13},"end":{"line":25,"column":14}},"loc":{"start":{"line":26,"column":8},"end":{"line":26,"column":75}},"line":26},"4":{"name":"(anonymous_4)","decl":{"start":{"line":43,"column":13},"end":{"line":43,"column":14}},"loc":{"start":{"line":43,"column":28},"end":{"line":43,"column":45}},"line":43},"5":{"name":"(anonymous_5)","decl":{"start":{"line":48,"column":13},"end":{"line":48,"column":14}},"loc":{"start":{"line":48,"column":28},"end":{"line":48,"column":45}},"line":48},"6":{"name":"(anonymous_6)","decl":{"start":{"line":54,"column":13},"end":{"line":54,"column":14}},"loc":{"start":{"line":54,"column":28},"end":{"line":54,"column":45}},"line":54}},"branchMap":{"0":{"loc":{"start":{"line":26,"column":8},"end":{"line":26,"column":75}},"type":"cond-expr","locations":[{"start":{"line":26,"column":30},"end":{"line":26,"column":50}},{"start":{"line":26,"column":53},"end":{"line":26,"column":75}}],"line":26}},"s":{"0":0,"1":0,"2":0,"3":0,"4":0,"5":0,"6":0,"7":0,"8":0,"9":0,"10":0,"11":0,"12":0,"13":0,"14":0},"f":{"0":0,"1":0,"2":0,"3":0,"4":0,"5":0,"6":0},"b":{"0":[0,0]}}
,"E:\\Projetos\\gofinances\\src\\global\\styles\\styled.d.ts": {"path":"E:\\Projetos\\gofinances\\src\\global\\styles\\styled.d.ts","statementMap":{},"fnMap":{},"branchMap":{},"s":{},"f":{},"b":{}}
,"E:\\Projetos\\gofinances\\src\\global\\styles\\theme.ts": {"path":"E:\\Projetos\\gofinances\\src\\global\\styles\\theme.ts","statementMap":{},"fnMap":{},"branchMap":{},"s":{},"f":{},"b":{},"_coverageSchema":"1a1c01bbd47fc00a2c39e90264f33305004495a9","hash":"17723febcf4146913767fcd30afa5ccd490d30ae"}
,"E:\\Projetos\\gofinances\\src\\hooks\\auth.tsx": {"path":"E:\\Projetos\\gofinances\\src\\hooks\\auth.tsx","statementMap":{"0":{"start":{"line":8,"column":22},"end":{"line":8,"column":33}},"1":{"start":{"line":9,"column":25},"end":{"line":9,"column":36}},"2":{"start":{"line":42,"column":20},"end":{"line":42,"column":57}},"3":{"start":{"line":46,"column":28},"end":{"line":46,"column":54}},"4":{"start":{"line":47,"column":56},"end":{"line":47,"column":70}},"5":{"start":{"line":49,"column":27},"end":{"line":49,"column":45}},"6":{"start":{"line":52,"column":8},"end":{"line":74,"column":9}},"7":{"start":{"line":53,"column":34},"end":{"line":53,"column":41}},"8":{"start":{"line":54,"column":26},"end":{"line":54,"column":52}},"9":{"start":{"line":56,"column":28},"end":{"line":56,"column":172}},"10":{"start":{"line":58,"column":37},"end":{"line":58,"column":98}},"11":{"start":{"line":60,"column":12},"end":{"line":71,"column":13}},"12":{"start":{"line":61,"column":33},"end":{"line":61,"column":138}},"13":{"start":{"line":62,"column":33},"end":{"line":62,"column":54}},"14":{"start":{"line":63,"column":35},"end":{"line":68,"column":17}},"15":{"start":{"line":69,"column":16},"end":{"line":69,"column":36}},"16":{"start":{"line":70,"column":16},"end":{"line":70,"column":87}},"17":{"start":{"line":73,"column":12},"end":{"line":73,"column":35}},"18":{"start":{"line":78,"column":8},"end":{"line":102,"column":9}},"19":{"start":{"line":79,"column":31},"end":{"line":84,"column":14}},"20":{"start":{"line":86,"column":12},"end":{"line":99,"column":13}},"21":{"start":{"line":87,"column":29},"end":{"line":87,"column":60}},"22":{"start":{"line":88,"column":30},"end":{"line":88,"column":81}},"23":{"start":{"line":90,"column":35},"end":{"line":95,"column":17}},"24":{"start":{"line":97,"column":16},"end":{"line":97,"column":36}},"25":{"start":{"line":98,"column":16},"end":{"line":98,"column":87}},"26":{"start":{"line":101,"column":12},"end":{"line":101,"column":35}},"27":{"start":{"line":106,"column":8},"end":{"line":106,"column":28}},"28":{"start":{"line":107,"column":8},"end":{"line":107,"column":54}},"29":{"start":{"line":110,"column":4},"end":{"line":123,"column":11}},"30":{"start":{"line":112,"column":32},"end":{"line":112,"column":74}},"31":{"start":{"line":114,"column":12},"end":{"line":117,"column":13}},"32":{"start":{"line":115,"column":35},"end":{"line":115,"column":66}},"33":{"start":{"line":116,"column":16},"end":{"line":116,"column":36}},"34":{"start":{"line":119,"column":12},"end":{"line":119,"column":41}},"35":{"start":{"line":122,"column":8},"end":{"line":122,"column":30}},"36":{"start":{"line":125,"column":4},"end":{"line":135,"column":6}},"37":{"start":{"line":139,"column":20},"end":{"line":139,"column":43}},"38":{"start":{"line":140,"column":4},"end":{"line":140,"column":19}}},"fnMap":{"0":{"name":"AuthProvider","decl":{"start":{"line":44,"column":9},"end":{"line":44,"column":21}},"loc":{"start":{"line":44,"column":55},"end":{"line":136,"column":1}},"line":44},"1":{"name":"signInWithGoogle","decl":{"start":{"line":51,"column":19},"end":{"line":51,"column":35}},"loc":{"start":{"line":51,"column":38},"end":{"line":75,"column":5}},"line":51},"2":{"name":"signInWithApple","decl":{"start":{"line":77,"column":19},"end":{"line":77,"column":34}},"loc":{"start":{"line":77,"column":37},"end":{"line":103,"column":5}},"line":77},"3":{"name":"signOut","decl":{"start":{"line":105,"column":19},"end":{"line":105,"column":26}},"loc":{"start":{"line":105,"column":29},"end":{"line":108,"column":5}},"line":105},"4":{"name":"(anonymous_4)","decl":{"start":{"line":110,"column":14},"end":{"line":110,"column":15}},"loc":{"start":{"line":110,"column":20},"end":{"line":123,"column":5}},"line":110},"5":{"name":"loadUserStorageData","decl":{"start":{"line":111,"column":23},"end":{"line":111,"column":42}},"loc":{"start":{"line":111,"column":45},"end":{"line":120,"column":9}},"line":111},"6":{"name":"useAuth","decl":{"start":{"line":138,"column":9},"end":{"line":138,"column":16}},"loc":{"start":{"line":138,"column":19},"end":{"line":141,"column":1}},"line":138}},"branchMap":{"0":{"loc":{"start":{"line":60,"column":12},"end":{"line":71,"column":13}},"type":"if","locations":[{"start":{"line":60,"column":12},"end":{"line":71,"column":13}},{"start":{"line":60,"column":12},"end":{"line":71,"column":13}}],"line":60},"1":{"loc":{"start":{"line":86,"column":12},"end":{"line":99,"column":13}},"type":"if","locations":[{"start":{"line":86,"column":12},"end":{"line":99,"column":13}},{"start":{"line":86,"column":12},"end":{"line":99,"column":13}}],"line":86},"2":{"loc":{"start":{"line":114,"column":12},"end":{"line":117,"column":13}},"type":"if","locations":[{"start":{"line":114,"column":12},"end":{"line":117,"column":13}},{"start":{"line":114,"column":12},"end":{"line":117,"column":13}}],"line":114}},"s":{"0":2,"1":2,"2":2,"3":5,"4":5,"5":5,"6":2,"7":2,"8":2,"9":2,"10":2,"11":2,"12":1,"13":1,"14":1,"15":1,"16":1,"17":0,"18":0,"19":0,"20":0,"21":0,"22":0,"23":0,"24":0,"25":0,"26":0,"27":0,"28":0,"29":5,"30":2,"31":2,"32":0,"33":0,"34":2,"35":2,"36":5,"37":7,"38":7},"f":{"0":5,"1":2,"2":0,"3":0,"4":2,"5":2,"6":7},"b":{"0":[1,1],"1":[0,0],"2":[0,2]},"_coverageSchema":"1a1c01bbd47fc00a2c39e90264f33305004495a9","hash":"03f8e9c464e4e29d8bb8b0f77b8a28fd5c447251"}
,"E:\\Projetos\\gofinances\\src\\routes\\app.routes.tsx": {"path":"E:\\Projetos\\gofinances\\src\\routes\\app.routes.tsx","statementMap":{"0":{"start":{"line":11,"column":30},"end":{"line":11,"column":56}},"1":{"start":{"line":15,"column":18},"end":{"line":15,"column":28}},"2":{"start":{"line":17,"column":4},"end":{"line":69,"column":6}},"3":{"start":{"line":34,"column":24},"end":{"line":38,"column":26}},"4":{"start":{"line":47,"column":24},"end":{"line":51,"column":26}},"5":{"start":{"line":60,"column":24},"end":{"line":64,"column":26}}},"fnMap":{"0":{"name":"AppRoutes","decl":{"start":{"line":13,"column":16},"end":{"line":13,"column":25}},"loc":{"start":{"line":13,"column":28},"end":{"line":70,"column":1}},"line":13},"1":{"name":"(anonymous_1)","decl":{"start":{"line":33,"column":33},"end":{"line":33,"column":34}},"loc":{"start":{"line":34,"column":24},"end":{"line":38,"column":26}},"line":34},"2":{"name":"(anonymous_2)","decl":{"start":{"line":46,"column":33},"end":{"line":46,"column":34}},"loc":{"start":{"line":47,"column":24},"end":{"line":51,"column":26}},"line":47},"3":{"name":"(anonymous_3)","decl":{"start":{"line":59,"column":33},"end":{"line":59,"column":34}},"loc":{"start":{"line":60,"column":24},"end":{"line":64,"column":26}},"line":60}},"branchMap":{"0":{"loc":{"start":{"line":24,"column":37},"end":{"line":24,"column":67}},"type":"cond-expr","locations":[{"start":{"line":24,"column":61},"end":{"line":24,"column":63}},{"start":{"line":24,"column":66},"end":{"line":24,"column":67}}],"line":24}},"s":{"0":0,"1":0,"2":0,"3":0,"4":0,"5":0},"f":{"0":0,"1":0,"2":0,"3":0},"b":{"0":[0,0]}}
,"E:\\Projetos\\gofinances\\src\\routes\\auth.routes.tsx": {"path":"E:\\Projetos\\gofinances\\src\\routes\\auth.routes.tsx","statementMap":{"0":{"start":{"line":6,"column":30},"end":{"line":6,"column":52}},"1":{"start":{"line":9,"column":4},"end":{"line":16,"column":6}}},"fnMap":{"0":{"name":"AuthRoutes","decl":{"start":{"line":8,"column":16},"end":{"line":8,"column":26}},"loc":{"start":{"line":8,"column":29},"end":{"line":17,"column":1}},"line":8}},"branchMap":{},"s":{"0":0,"1":0},"f":{"0":0},"b":{}}
,"E:\\Projetos\\gofinances\\src\\routes\\index.tsx": {"path":"E:\\Projetos\\gofinances\\src\\routes\\index.tsx","statementMap":{"0":{"start":{"line":10,"column":21},"end":{"line":10,"column":30}},"1":{"start":{"line":12,"column":4},"end":{"line":16,"column":6}}},"fnMap":{"0":{"name":"Routes","decl":{"start":{"line":9,"column":16},"end":{"line":9,"column":22}},"loc":{"start":{"line":9,"column":25},"end":{"line":17,"column":1}},"line":9}},"branchMap":{"0":{"loc":{"start":{"line":14,"column":13},"end":{"line":14,"column":53}},"type":"cond-expr","locations":[{"start":{"line":14,"column":23},"end":{"line":14,"column":36}},{"start":{"line":14,"column":39},"end":{"line":14,"column":53}}],"line":14}},"s":{"0":0,"1":0},"f":{"0":0},"b":{"0":[0,0]}}
,"E:\\Projetos\\gofinances\\src\\screens\\CategorySelect\\index.tsx": {"path":"E:\\Projetos\\gofinances\\src\\screens\\CategorySelect\\index.tsx","statementMap":{"0":{"start":{"line":34,"column":8},"end":{"line":34,"column":26}},"1":{"start":{"line":37,"column":4},"end":{"line":66,"column":5}},"2":{"start":{"line":47,"column":40},"end":{"line":47,"column":48}},"3":{"start":{"line":49,"column":20},"end":{"line":55,"column":31}},"4":{"start":{"line":50,"column":39},"end":{"line":50,"column":65}},"5":{"start":{"line":57,"column":46},"end":{"line":57,"column":59}}},"fnMap":{"0":{"name":"CategorySelect","decl":{"start":{"line":27,"column":16},"end":{"line":27,"column":30}},"loc":{"start":{"line":31,"column":10},"end":{"line":67,"column":1}},"line":31},"1":{"name":"handleCategorySelect","decl":{"start":{"line":33,"column":13},"end":{"line":33,"column":33}},"loc":{"start":{"line":33,"column":50},"end":{"line":35,"column":5}},"line":33},"2":{"name":"(anonymous_2)","decl":{"start":{"line":47,"column":30},"end":{"line":47,"column":31}},"loc":{"start":{"line":47,"column":40},"end":{"line":47,"column":48}},"line":47},"3":{"name":"(anonymous_3)","decl":{"start":{"line":48,"column":28},"end":{"line":48,"column":29}},"loc":{"start":{"line":49,"column":20},"end":{"line":55,"column":31}},"line":49},"4":{"name":"(anonymous_4)","decl":{"start":{"line":50,"column":33},"end":{"line":50,"column":34}},"loc":{"start":{"line":50,"column":39},"end":{"line":50,"column":65}},"line":50},"5":{"name":"(anonymous_5)","decl":{"start":{"line":57,"column":40},"end":{"line":57,"column":41}},"loc":{"start":{"line":57,"column":46},"end":{"line":57,"column":59}},"line":57}},"branchMap":{},"s":{"0":0,"1":2,"2":12,"3":12,"4":0,"5":10},"f":{"0":2,"1":0,"2":12,"3":12,"4":0,"5":10},"b":{},"_coverageSchema":"1a1c01bbd47fc00a2c39e90264f33305004495a9","hash":"e31005bc313bf488f68e17c37ae1b522e9726e0d"}
,"E:\\Projetos\\gofinances\\src\\screens\\CategorySelect\\styles.ts": {"path":"E:\\Projetos\\gofinances\\src\\screens\\CategorySelect\\styles.ts","statementMap":{"0":{"start":{"line":12,"column":25},"end":{"line":15,"column":1}},"1":{"start":{"line":14,"column":39},"end":{"line":14,"column":62}},"2":{"start":{"line":17,"column":22},"end":{"line":24,"column":1}},"3":{"start":{"line":20,"column":39},"end":{"line":20,"column":59}},"4":{"start":{"line":26,"column":21},"end":{"line":30,"column":1}},"5":{"start":{"line":27,"column":34},"end":{"line":27,"column":53}},"6":{"start":{"line":29,"column":28},"end":{"line":29,"column":46}},"7":{"start":{"line":32,"column":24},"end":{"line":42,"column":1}},"8":{"start":{"line":40,"column":8},"end":{"line":40,"column":73}},"9":{"start":{"line":44,"column":20},"end":{"line":47,"column":1}},"10":{"start":{"line":49,"column":20},"end":{"line":52,"column":1}},"11":{"start":{"line":50,"column":34},"end":{"line":50,"column":53}},"12":{"start":{"line":54,"column":25},"end":{"line":58,"column":1}},"13":{"start":{"line":57,"column":39},"end":{"line":57,"column":56}},"14":{"start":{"line":60,"column":22},"end":{"line":63,"column":1}}},"fnMap":{"0":{"name":"(anonymous_0)","decl":{"start":{"line":14,"column":24},"end":{"line":14,"column":25}},"loc":{"start":{"line":14,"column":39},"end":{"line":14,"column":62}},"line":14},"1":{"name":"(anonymous_1)","decl":{"start":{"line":20,"column":24},"end":{"line":20,"column":25}},"loc":{"start":{"line":20,"column":39},"end":{"line":20,"column":59}},"line":20},"2":{"name":"(anonymous_2)","decl":{"start":{"line":27,"column":19},"end":{"line":27,"column":20}},"loc":{"start":{"line":27,"column":34},"end":{"line":27,"column":53}},"line":27},"3":{"name":"(anonymous_3)","decl":{"start":{"line":29,"column":13},"end":{"line":29,"column":14}},"loc":{"start":{"line":29,"column":28},"end":{"line":29,"column":46}},"line":29},"4":{"name":"(anonymous_4)","decl":{"start":{"line":39,"column":24},"end":{"line":39,"column":25}},"loc":{"start":{"line":40,"column":8},"end":{"line":40,"column":73}},"line":40},"5":{"name":"(anonymous_5)","decl":{"start":{"line":50,"column":19},"end":{"line":50,"column":20}},"loc":{"start":{"line":50,"column":34},"end":{"line":50,"column":53}},"line":50},"6":{"name":"(anonymous_6)","decl":{"start":{"line":57,"column":24},"end":{"line":57,"column":25}},"loc":{"start":{"line":57,"column":39},"end":{"line":57,"column":56}},"line":57}},"branchMap":{"0":{"loc":{"start":{"line":40,"column":8},"end":{"line":40,"column":73}},"type":"cond-expr","locations":[{"start":{"line":40,"column":19},"end":{"line":40,"column":47}},{"start":{"line":40,"column":50},"end":{"line":40,"column":73}}],"line":40}},"s":{"0":1,"1":2,"2":1,"3":2,"4":1,"5":2,"6":2,"7":1,"8":12,"9":1,"10":1,"11":12,"12":1,"13":10,"14":1},"f":{"0":2,"1":2,"2":2,"3":2,"4":12,"5":12,"6":10},"b":{"0":[0,12]},"_coverageSchema":"1a1c01bbd47fc00a2c39e90264f33305004495a9","hash":"70e791487221efa7971640af20dbabb513c2b093"}
,"E:\\Projetos\\gofinances\\src\\screens\\Dashboard\\index.tsx": {"path":"E:\\Projetos\\gofinances\\src\\screens\\Dashboard\\index.tsx","statementMap":{"0":{"start":{"line":45,"column":38},"end":{"line":45,"column":52}},"1":{"start":{"line":46,"column":44},"end":{"line":46,"column":73}},"2":{"start":{"line":47,"column":46},"end":{"line":47,"column":90}},"3":{"start":{"line":49,"column":18},"end":{"line":49,"column":28}},"4":{"start":{"line":50,"column":30},"end":{"line":50,"column":39}},"5":{"start":{"line":57,"column":36},"end":{"line":57,"column":95}},"6":{"start":{"line":57,"column":69},"end":{"line":57,"column":94}},"7":{"start":{"line":59,"column":8},"end":{"line":60,"column":21}},"8":{"start":{"line":60,"column":12},"end":{"line":60,"column":21}},"9":{"start":{"line":62,"column":32},"end":{"line":66,"column":9}},"10":{"start":{"line":64,"column":36},"end":{"line":64,"column":72}},"11":{"start":{"line":68,"column":8},"end":{"line":68,"column":111}},"12":{"start":{"line":72,"column":24},"end":{"line":72,"column":66}},"13":{"start":{"line":79,"column":25},"end":{"line":79,"column":60}},"14":{"start":{"line":80,"column":29},"end":{"line":80,"column":65}},"15":{"start":{"line":82,"column":27},"end":{"line":82,"column":28}},"16":{"start":{"line":83,"column":29},"end":{"line":83,"column":30}},"17":{"start":{"line":85,"column":55},"end":{"line":114,"column":14}},"18":{"start":{"line":88,"column":16},"end":{"line":92,"column":17}},"19":{"start":{"line":89,"column":20},"end":{"line":89,"column":56}},"20":{"start":{"line":91,"column":20},"end":{"line":91,"column":58}},"21":{"start":{"line":95,"column":31},"end":{"line":98,"column":18}},"22":{"start":{"line":100,"column":29},"end":{"line":104,"column":46}},"23":{"start":{"line":106,"column":16},"end":{"line":113,"column":18}},"24":{"start":{"line":116,"column":8},"end":{"line":116,"column":47}},"25":{"start":{"line":118,"column":39},"end":{"line":118,"column":87}},"26":{"start":{"line":119,"column":42},"end":{"line":119,"column":90}},"27":{"start":{"line":122,"column":30},"end":{"line":124,"column":47}},"28":{"start":{"line":126,"column":22},"end":{"line":126,"column":51}},"29":{"start":{"line":128,"column":8},"end":{"line":145,"column":11}},"30":{"start":{"line":147,"column":8},"end":{"line":147,"column":28}},"31":{"start":{"line":150,"column":4},"end":{"line":152,"column":11}},"32":{"start":{"line":151,"column":8},"end":{"line":151,"column":27}},"33":{"start":{"line":155,"column":4},"end":{"line":157,"column":12}},"34":{"start":{"line":156,"column":8},"end":{"line":156,"column":27}},"35":{"start":{"line":159,"column":4},"end":{"line":223,"column":5}},"36":{"start":{"line":212,"column":54},"end":{"line":212,"column":61}},"37":{"start":{"line":213,"column":58},"end":{"line":213,"column":89}}},"fnMap":{"0":{"name":"Dashboard","decl":{"start":{"line":44,"column":16},"end":{"line":44,"column":25}},"loc":{"start":{"line":44,"column":28},"end":{"line":224,"column":1}},"line":44},"1":{"name":"getLastTransactionDate","decl":{"start":{"line":52,"column":13},"end":{"line":52,"column":35}},"loc":{"start":{"line":55,"column":6},"end":{"line":69,"column":5}},"line":55},"2":{"name":"(anonymous_2)","decl":{"start":{"line":57,"column":54},"end":{"line":57,"column":55}},"loc":{"start":{"line":57,"column":69},"end":{"line":57,"column":94}},"line":57},"3":{"name":"(anonymous_3)","decl":{"start":{"line":64,"column":21},"end":{"line":64,"column":22}},"loc":{"start":{"line":64,"column":36},"end":{"line":64,"column":72}},"line":64},"4":{"name":"loadTransactions","decl":{"start":{"line":71,"column":19},"end":{"line":71,"column":35}},"loc":{"start":{"line":71,"column":38},"end":{"line":148,"column":5}},"line":71},"5":{"name":"(anonymous_5)","decl":{"start":{"line":86,"column":17},"end":{"line":86,"column":18}},"loc":{"start":{"line":86,"column":42},"end":{"line":114,"column":13}},"line":86},"6":{"name":"(anonymous_6)","decl":{"start":{"line":150,"column":14},"end":{"line":150,"column":15}},"loc":{"start":{"line":150,"column":20},"end":{"line":152,"column":5}},"line":150},"7":{"name":"(anonymous_7)","decl":{"start":{"line":155,"column":31},"end":{"line":155,"column":32}},"loc":{"start":{"line":155,"column":37},"end":{"line":157,"column":5}},"line":155},"8":{"name":"(anonymous_8)","decl":{"start":{"line":212,"column":46},"end":{"line":212,"column":47}},"loc":{"start":{"line":212,"column":54},"end":{"line":212,"column":61}},"line":212},"9":{"name":"(anonymous_9)","decl":{"start":{"line":213,"column":44},"end":{"line":213,"column":45}},"loc":{"start":{"line":213,"column":58},"end":{"line":213,"column":89}},"line":213}},"branchMap":{"0":{"loc":{"start":{"line":59,"column":8},"end":{"line":60,"column":21}},"type":"if","locations":[{"start":{"line":59,"column":8},"end":{"line":60,"column":21}},{"start":{"line":59,"column":8},"end":{"line":60,"column":21}}],"line":59},"1":{"loc":{"start":{"line":80,"column":29},"end":{"line":80,"column":65}},"type":"cond-expr","locations":[{"start":{"line":80,"column":40},"end":{"line":80,"column":60}},{"start":{"line":80,"column":63},"end":{"line":80,"column":65}}],"line":80},"2":{"loc":{"start":{"line":88,"column":16},"end":{"line":92,"column":17}},"type":"if","locations":[{"start":{"line":88,"column":16},"end":{"line":92,"column":17}},{"start":{"line":88,"column":16},"end":{"line":92,"column":17}}],"line":88},"3":{"loc":{"start":{"line":122,"column":30},"end":{"line":124,"column":47}},"type":"cond-expr","locations":[{"start":{"line":123,"column":12},"end":{"line":123,"column":31}},{"start":{"line":124,"column":12},"end":{"line":124,"column":47}}],"line":122},"4":{"loc":{"start":{"line":131,"column":33},"end":{"line":133,"column":66}},"type":"cond-expr","locations":[{"start":{"line":132,"column":20},"end":{"line":132,"column":39}},{"start":{"line":133,"column":20},"end":{"line":133,"column":66}}],"line":131},"5":{"loc":{"start":{"line":137,"column":33},"end":{"line":139,"column":67}},"type":"cond-expr","locations":[{"start":{"line":138,"column":20},"end":{"line":138,"column":39}},{"start":{"line":139,"column":20},"end":{"line":139,"column":67}}],"line":137},"6":{"loc":{"start":{"line":162,"column":16},"end":{"line":220,"column":23}},"type":"cond-expr","locations":[{"start":{"line":163,"column":20},"end":{"line":168,"column":36}},{"start":{"line":170,"column":20},"end":{"line":220,"column":23}}],"line":162}},"s":{"0":0,"1":0,"2":0,"3":0,"4":0,"5":0,"6":0,"7":0,"8":0,"9":0,"10":0,"11":0,"12":0,"13":0,"14":0,"15":0,"16":0,"17":0,"18":0,"19":0,"20":0,"21":0,"22":0,"23":0,"24":0,"25":0,"26":0,"27":0,"28":0,"29":0,"30":0,"31":0,"32":0,"33":0,"34":0,"35":0,"36":0,"37":0},"f":{"0":0,"1":0,"2":0,"3":0,"4":0,"5":0,"6":0,"7":0,"8":0,"9":0},"b":{"0":[0,0],"1":[0,0],"2":[0,0],"3":[0,0],"4":[0,0],"5":[0,0],"6":[0,0]}}
,"E:\\Projetos\\gofinances\\src\\screens\\Dashboard\\styles.ts": {"path":"E:\\Projetos\\gofinances\\src\\screens\\Dashboard\\styles.ts","statementMap":{"0":{"start":{"line":10,"column":25},"end":{"line":13,"column":1}},"1":{"start":{"line":12,"column":39},"end":{"line":12,"column":62}},"2":{"start":{"line":16,"column":22},"end":{"line":23,"column":1}},"3":{"start":{"line":19,"column":39},"end":{"line":19,"column":59}},"4":{"start":{"line":25,"column":27},"end":{"line":32,"column":1}},"5":{"start":{"line":34,"column":24},"end":{"line":37,"column":1}},"6":{"start":{"line":39,"column":21},"end":{"line":43,"column":1}},"7":{"start":{"line":45,"column":20},"end":{"line":47,"column":1}},"8":{"start":{"line":49,"column":28},"end":{"line":53,"column":1}},"9":{"start":{"line":50,"column":28},"end":{"line":50,"column":46}},"10":{"start":{"line":52,"column":34},"end":{"line":52,"column":53}},"11":{"start":{"line":55,"column":24},"end":{"line":59,"column":1}},"12":{"start":{"line":56,"column":28},"end":{"line":56,"column":46}},"13":{"start":{"line":58,"column":34},"end":{"line":58,"column":50}},"14":{"start":{"line":61,"column":28},"end":{"line":63,"column":1}},"15":{"start":{"line":65,"column":20},"end":{"line":68,"column":1}},"16":{"start":{"line":66,"column":28},"end":{"line":66,"column":50}},"17":{"start":{"line":70,"column":30},"end":{"line":78,"column":1}},"18":{"start":{"line":80,"column":28},"end":{"line":84,"column":1}},"19":{"start":{"line":86,"column":21},"end":{"line":90,"column":1}},"20":{"start":{"line":88,"column":34},"end":{"line":88,"column":53}},"21":{"start":{"line":92,"column":31},"end":{"line":101,"column":1}},"22":{"start":{"line":103,"column":29},"end":{"line":107,"column":1}}},"fnMap":{"0":{"name":"(anonymous_0)","decl":{"start":{"line":12,"column":24},"end":{"line":12,"column":25}},"loc":{"start":{"line":12,"column":39},"end":{"line":12,"column":62}},"line":12},"1":{"name":"(anonymous_1)","decl":{"start":{"line":19,"column":24},"end":{"line":19,"column":25}},"loc":{"start":{"line":19,"column":39},"end":{"line":19,"column":59}},"line":19},"2":{"name":"(anonymous_2)","decl":{"start":{"line":50,"column":13},"end":{"line":50,"column":14}},"loc":{"start":{"line":50,"column":28},"end":{"line":50,"column":46}},"line":50},"3":{"name":"(anonymous_3)","decl":{"start":{"line":52,"column":19},"end":{"line":52,"column":20}},"loc":{"start":{"line":52,"column":34},"end":{"line":52,"column":53}},"line":52},"4":{"name":"(anonymous_4)","decl":{"start":{"line":56,"column":13},"end":{"line":56,"column":14}},"loc":{"start":{"line":56,"column":28},"end":{"line":56,"column":46}},"line":56},"5":{"name":"(anonymous_5)","decl":{"start":{"line":58,"column":19},"end":{"line":58,"column":20}},"loc":{"start":{"line":58,"column":34},"end":{"line":58,"column":50}},"line":58},"6":{"name":"(anonymous_6)","decl":{"start":{"line":66,"column":13},"end":{"line":66,"column":14}},"loc":{"start":{"line":66,"column":28},"end":{"line":66,"column":50}},"line":66},"7":{"name":"(anonymous_7)","decl":{"start":{"line":88,"column":19},"end":{"line":88,"column":20}},"loc":{"start":{"line":88,"column":34},"end":{"line":88,"column":53}},"line":88}},"branchMap":{},"s":{"0":0,"1":0,"2":0,"3":0,"4":0,"5":0,"6":0,"7":0,"8":0,"9":0,"10":0,"11":0,"12":0,"13":0,"14":0,"15":0,"16":0,"17":0,"18":0,"19":0,"20":0,"21":0,"22":0},"f":{"0":0,"1":0,"2":0,"3":0,"4":0,"5":0,"6":0,"7":0},"b":{}}
,"E:\\Projetos\\gofinances\\src\\screens\\Profile\\index.tsx": {"path":"E:\\Projetos\\gofinances\\src\\screens\\Profile\\index.tsx","statementMap":{"0":{"start":{"line":5,"column":2},"end":{"line":17,"column":4}}},"fnMap":{"0":{"name":"Profile","decl":{"start":{"line":4,"column":16},"end":{"line":4,"column":23}},"loc":{"start":{"line":4,"column":26},"end":{"line":18,"column":1}},"line":4},"1":{"name":"(anonymous_1)","decl":{"start":{"line":15,"column":38},"end":{"line":15,"column":39}},"loc":{"start":{"line":15,"column":44},"end":{"line":15,"column":46}},"line":15}},"branchMap":{},"s":{"0":3},"f":{"0":3,"1":0},"b":{},"_coverageSchema":"1a1c01bbd47fc00a2c39e90264f33305004495a9","hash":"1ecfd83273c6cdc70d5817ece5e387fa94b76adc"}
,"E:\\Projetos\\gofinances\\src\\screens\\Register\\index.tsx": {"path":"E:\\Projetos\\gofinances\\src\\screens\\Register\\index.tsx","statementMap":{"0":{"start":{"line":31,"column":15},"end":{"line":38,"column":2}},"1":{"start":{"line":41,"column":48},"end":{"line":41,"column":60}},"2":{"start":{"line":42,"column":52},"end":{"line":42,"column":67}},"3":{"start":{"line":44,"column":19},"end":{"line":44,"column":28}},"4":{"start":{"line":46,"column":34},"end":{"line":49,"column":4}},"5":{"start":{"line":58,"column":6},"end":{"line":60,"column":4}},"6":{"start":{"line":63,"column":4},"end":{"line":63,"column":29}},"7":{"start":{"line":67,"column":4},"end":{"line":67,"column":32}},"8":{"start":{"line":71,"column":4},"end":{"line":71,"column":31}},"9":{"start":{"line":75,"column":4},"end":{"line":75,"column":79}},"10":{"start":{"line":75,"column":26},"end":{"line":75,"column":79}},"11":{"start":{"line":77,"column":4},"end":{"line":78,"column":51}},"12":{"start":{"line":78,"column":6},"end":{"line":78,"column":51}},"13":{"start":{"line":80,"column":27},"end":{"line":87,"column":5}},"14":{"start":{"line":89,"column":4},"end":{"line":109,"column":5}},"15":{"start":{"line":90,"column":22},"end":{"line":90,"column":64}},"16":{"start":{"line":91,"column":19},"end":{"line":91,"column":54}},"17":{"start":{"line":92,"column":26},"end":{"line":92,"column":54}},"18":{"start":{"line":94,"column":27},"end":{"line":94,"column":59}},"19":{"start":{"line":96,"column":6},"end":{"line":96,"column":72}},"20":{"start":{"line":98,"column":6},"end":{"line":98,"column":14}},"21":{"start":{"line":99,"column":6},"end":{"line":99,"column":29}},"22":{"start":{"line":100,"column":6},"end":{"line":103,"column":9}},"23":{"start":{"line":107,"column":6},"end":{"line":107,"column":25}},"24":{"start":{"line":108,"column":6},"end":{"line":108,"column":46}},"25":{"start":{"line":125,"column":2},"end":{"line":183,"column":4}},"26":{"start":{"line":153,"column":31},"end":{"line":153,"column":65}},"27":{"start":{"line":159,"column":31},"end":{"line":159,"column":65}}},"fnMap":{"0":{"name":"Register","decl":{"start":{"line":40,"column":16},"end":{"line":40,"column":24}},"loc":{"start":{"line":40,"column":27},"end":{"line":184,"column":1}},"line":40},"1":{"name":"handleTransactionTypes","decl":{"start":{"line":62,"column":11},"end":{"line":62,"column":33}},"loc":{"start":{"line":62,"column":65},"end":{"line":64,"column":3}},"line":62},"2":{"name":"handleCloseSelectCategoryModal","decl":{"start":{"line":66,"column":11},"end":{"line":66,"column":41}},"loc":{"start":{"line":66,"column":44},"end":{"line":68,"column":3}},"line":66},"3":{"name":"handleOpenSelectCategoryModal","decl":{"start":{"line":70,"column":11},"end":{"line":70,"column":40}},"loc":{"start":{"line":70,"column":43},"end":{"line":72,"column":3}},"line":70},"4":{"name":"handleRegister","decl":{"start":{"line":74,"column":17},"end":{"line":74,"column":31}},"loc":{"start":{"line":74,"column":48},"end":{"line":110,"column":3}},"line":74},"5":{"name":"(anonymous_5)","decl":{"start":{"line":153,"column":25},"end":{"line":153,"column":26}},"loc":{"start":{"line":153,"column":31},"end":{"line":153,"column":65}},"line":153},"6":{"name":"(anonymous_6)","decl":{"start":{"line":159,"column":25},"end":{"line":159,"column":26}},"loc":{"start":{"line":159,"column":31},"end":{"line":159,"column":65}},"line":159}},"branchMap":{"0":{"loc":{"start":{"line":75,"column":4},"end":{"line":75,"column":79}},"type":"if","locations":[{"start":{"line":75,"column":4},"end":{"line":75,"column":79}},{"start":{"line":75,"column":4},"end":{"line":75,"column":79}}],"line":75},"1":{"loc":{"start":{"line":77,"column":4},"end":{"line":78,"column":51}},"type":"if","locations":[{"start":{"line":77,"column":4},"end":{"line":78,"column":51}},{"start":{"line":77,"column":4},"end":{"line":78,"column":51}}],"line":77},"2":{"loc":{"start":{"line":92,"column":26},"end":{"line":92,"column":54}},"type":"cond-expr","locations":[{"start":{"line":92,"column":33},"end":{"line":92,"column":49}},{"start":{"line":92,"column":52},"end":{"line":92,"column":54}}],"line":92},"3":{"loc":{"start":{"line":140,"column":21},"end":{"line":140,"column":55}},"type":"binary-expr","locations":[{"start":{"line":140,"column":21},"end":{"line":140,"column":32}},{"start":{"line":140,"column":36},"end":{"line":140,"column":55}}],"line":140},"4":{"loc":{"start":{"line":147,"column":21},"end":{"line":147,"column":59}},"type":"binary-expr","locations":[{"start":{"line":147,"column":21},"end":{"line":147,"column":34}},{"start":{"line":147,"column":38},"end":{"line":147,"column":59}}],"line":147}},"s":{"0":1,"1":2,"2":2,"3":2,"4":2,"5":2,"6":0,"7":0,"8":1,"9":0,"10":0,"11":0,"12":0,"13":0,"14":0,"15":0,"16":0,"17":0,"18":0,"19":0,"20":0,"21":0,"22":0,"23":0,"24":0,"25":2,"26":0,"27":0},"f":{"0":2,"1":0,"2":0,"3":1,"4":0,"5":0,"6":0},"b":{"0":[0,0],"1":[0,0],"2":[0,0],"3":[2,0],"4":[2,0]},"_coverageSchema":"1a1c01bbd47fc00a2c39e90264f33305004495a9","hash":"ec6dabf51aa8b35cd25849e9e94959fb17a4b366"}
,"E:\\Projetos\\gofinances\\src\\screens\\Register\\styles.ts": {"path":"E:\\Projetos\\gofinances\\src\\screens\\Register\\styles.ts","statementMap":{"0":{"start":{"line":4,"column":25},"end":{"line":7,"column":1}},"1":{"start":{"line":6,"column":39},"end":{"line":6,"column":62}},"2":{"start":{"line":9,"column":22},"end":{"line":16,"column":1}},"3":{"start":{"line":10,"column":39},"end":{"line":10,"column":59}},"4":{"start":{"line":18,"column":21},"end":{"line":22,"column":1}},"5":{"start":{"line":19,"column":34},"end":{"line":19,"column":53}},"6":{"start":{"line":20,"column":28},"end":{"line":20,"column":46}},"7":{"start":{"line":24,"column":20},"end":{"line":29,"column":1}},"8":{"start":{"line":31,"column":22},"end":{"line":31,"column":35}},"9":{"start":{"line":33,"column":33},"end":{"line":38,"column":1}}},"fnMap":{"0":{"name":"(anonymous_0)","decl":{"start":{"line":6,"column":24},"end":{"line":6,"column":25}},"loc":{"start":{"line":6,"column":39},"end":{"line":6,"column":62}},"line":6},"1":{"name":"(anonymous_1)","decl":{"start":{"line":10,"column":24},"end":{"line":10,"column":25}},"loc":{"start":{"line":10,"column":39},"end":{"line":10,"column":59}},"line":10},"2":{"name":"(anonymous_2)","decl":{"start":{"line":19,"column":19},"end":{"line":19,"column":20}},"loc":{"start":{"line":19,"column":34},"end":{"line":19,"column":53}},"line":19},"3":{"name":"(anonymous_3)","decl":{"start":{"line":20,"column":13},"end":{"line":20,"column":14}},"loc":{"start":{"line":20,"column":28},"end":{"line":20,"column":46}},"line":20}},"branchMap":{},"s":{"0":1,"1":2,"2":1,"3":2,"4":1,"5":2,"6":2,"7":1,"8":1,"9":1},"f":{"0":2,"1":2,"2":2,"3":2},"b":{},"_coverageSchema":"1a1c01bbd47fc00a2c39e90264f33305004495a9","hash":"85fe909ccab924869a44b8f40cc6f47f52dea257"}
,"E:\\Projetos\\gofinances\\src\\screens\\Resume\\index.tsx": {"path":"E:\\Projetos\\gofinances\\src\\screens\\Resume\\index.tsx","statementMap":{"0":{"start":{"line":46,"column":38},"end":{"line":46,"column":53}},"1":{"start":{"line":47,"column":44},"end":{"line":47,"column":64}},"2":{"start":{"line":48,"column":54},"end":{"line":48,"column":82}},"3":{"start":{"line":50,"column":18},"end":{"line":50,"column":28}},"4":{"start":{"line":52,"column":21},"end":{"line":52,"column":30}},"5":{"start":{"line":56,"column":8},"end":{"line":60,"column":9}},"6":{"start":{"line":57,"column":12},"end":{"line":57,"column":56}},"7":{"start":{"line":59,"column":12},"end":{"line":59,"column":56}},"8":{"start":{"line":64,"column":8},"end":{"line":64,"column":27}},"9":{"start":{"line":65,"column":24},"end":{"line":65,"column":66}},"10":{"start":{"line":66,"column":25},"end":{"line":66,"column":60}},"11":{"start":{"line":67,"column":34},"end":{"line":67,"column":70}},"12":{"start":{"line":69,"column":27},"end":{"line":73,"column":9}},"13":{"start":{"line":70,"column":12},"end":{"line":72,"column":80}},"14":{"start":{"line":75,"column":32},"end":{"line":77,"column":13}},"15":{"start":{"line":76,"column":12},"end":{"line":76,"column":58}},"16":{"start":{"line":79,"column":48},"end":{"line":79,"column":50}},"17":{"start":{"line":81,"column":8},"end":{"line":104,"column":11}},"18":{"start":{"line":82,"column":30},"end":{"line":82,"column":31}},"19":{"start":{"line":84,"column":12},"end":{"line":88,"column":15}},"20":{"start":{"line":85,"column":16},"end":{"line":87,"column":17}},"21":{"start":{"line":86,"column":20},"end":{"line":86,"column":60}},"22":{"start":{"line":90,"column":12},"end":{"line":103,"column":13}},"23":{"start":{"line":91,"column":39},"end":{"line":91,"column":114}},"24":{"start":{"line":93,"column":32},"end":{"line":93,"column":86}},"25":{"start":{"line":95,"column":16},"end":{"line":102,"column":19}},"26":{"start":{"line":106,"column":8},"end":{"line":106,"column":46}},"27":{"start":{"line":107,"column":8},"end":{"line":107,"column":28}},"28":{"start":{"line":111,"column":4},"end":{"line":113,"column":24}},"29":{"start":{"line":112,"column":8},"end":{"line":112,"column":19}},"30":{"start":{"line":115,"column":4},"end":{"line":178,"column":5}},"31":{"start":{"line":137,"column":62},"end":{"line":137,"column":86}},"32":{"start":{"line":143,"column":62},"end":{"line":143,"column":86}},"33":{"start":{"line":151,"column":78},"end":{"line":151,"column":92}},"34":{"start":{"line":167,"column":32},"end":{"line":172,"column":34}}},"fnMap":{"0":{"name":"Resume","decl":{"start":{"line":45,"column":16},"end":{"line":45,"column":22}},"loc":{"start":{"line":45,"column":25},"end":{"line":179,"column":1}},"line":45},"1":{"name":"handleDateChange","decl":{"start":{"line":54,"column":13},"end":{"line":54,"column":29}},"loc":{"start":{"line":54,"column":55},"end":{"line":61,"column":5}},"line":54},"2":{"name":"loadData","decl":{"start":{"line":63,"column":19},"end":{"line":63,"column":27}},"loc":{"start":{"line":63,"column":30},"end":{"line":108,"column":5}},"line":63},"3":{"name":"(anonymous_3)","decl":{"start":{"line":69,"column":52},"end":{"line":69,"column":53}},"loc":{"start":{"line":70,"column":12},"end":{"line":72,"column":80}},"line":70},"4":{"name":"(anonymous_4)","decl":{"start":{"line":75,"column":50},"end":{"line":75,"column":51}},"loc":{"start":{"line":75,"column":103},"end":{"line":77,"column":9}},"line":75},"5":{"name":"(anonymous_5)","decl":{"start":{"line":81,"column":27},"end":{"line":81,"column":28}},"loc":{"start":{"line":81,"column":39},"end":{"line":104,"column":9}},"line":81},"6":{"name":"(anonymous_6)","decl":{"start":{"line":84,"column":31},"end":{"line":84,"column":32}},"loc":{"start":{"line":84,"column":63},"end":{"line":88,"column":13}},"line":84},"7":{"name":"(anonymous_7)","decl":{"start":{"line":111,"column":31},"end":{"line":111,"column":32}},"loc":{"start":{"line":111,"column":37},"end":{"line":113,"column":5}},"line":111},"8":{"name":"(anonymous_8)","decl":{"start":{"line":137,"column":56},"end":{"line":137,"column":57}},"loc":{"start":{"line":137,"column":62},"end":{"line":137,"column":86}},"line":137},"9":{"name":"(anonymous_9)","decl":{"start":{"line":143,"column":56},"end":{"line":143,"column":57}},"loc":{"start":{"line":143,"column":62},"end":{"line":143,"column":86}},"line":143},"10":{"name":"(anonymous_10)","decl":{"start":{"line":151,"column":66},"end":{"line":151,"column":67}},"loc":{"start":{"line":151,"column":78},"end":{"line":151,"column":92}},"line":151},"11":{"name":"(anonymous_11)","decl":{"start":{"line":166,"column":50},"end":{"line":166,"column":51}},"loc":{"start":{"line":167,"column":32},"end":{"line":172,"column":34}},"line":167}},"branchMap":{"0":{"loc":{"start":{"line":56,"column":8},"end":{"line":60,"column":9}},"type":"if","locations":[{"start":{"line":56,"column":8},"end":{"line":60,"column":9}},{"start":{"line":56,"column":8},"end":{"line":60,"column":9}}],"line":56},"1":{"loc":{"start":{"line":67,"column":34},"end":{"line":67,"column":70}},"type":"cond-expr","locations":[{"start":{"line":67,"column":45},"end":{"line":67,"column":65}},{"start":{"line":67,"column":68},"end":{"line":67,"column":70}}],"line":67},"2":{"loc":{"start":{"line":70,"column":12},"end":{"line":72,"column":80}},"type":"binary-expr","locations":[{"start":{"line":70,"column":12},"end":{"line":70,"column":41}},{"start":{"line":71,"column":12},"end":{"line":71,"column":75}},{"start":{"line":72,"column":12},"end":{"line":72,"column":80}}],"line":70},"3":{"loc":{"start":{"line":85,"column":16},"end":{"line":87,"column":17}},"type":"if","locations":[{"start":{"line":85,"column":16},"end":{"line":87,"column":17}},{"start":{"line":85,"column":16},"end":{"line":87,"column":17}}],"line":85},"4":{"loc":{"start":{"line":90,"column":12},"end":{"line":103,"column":13}},"type":"if","locations":[{"start":{"line":90,"column":12},"end":{"line":103,"column":13}},{"start":{"line":90,"column":12},"end":{"line":103,"column":13}}],"line":90},"5":{"loc":{"start":{"line":121,"column":16},"end":{"line":175,"column":30}},"type":"cond-expr","locations":[{"start":{"line":122,"column":20},"end":{"line":127,"column":36}},{"start":{"line":129,"column":20},"end":{"line":175,"column":30}}],"line":121}},"s":{"0":0,"1":0,"2":0,"3":0,"4":0,"5":0,"6":0,"7":0,"8":0,"9":0,"10":0,"11":0,"12":0,"13":0,"14":0,"15":0,"16":0,"17":0,"18":0,"19":0,"20":0,"21":0,"22":0,"23":0,"24":0,"25":0,"26":0,"27":0,"28":0,"29":0,"30":0,"31":0,"32":0,"33":0,"34":0},"f":{"0":0,"1":0,"2":0,"3":0,"4":0,"5":0,"6":0,"7":0,"8":0,"9":0,"10":0,"11":0},"b":{"0":[0,0],"1":[0,0],"2":[0,0,0],"3":[0,0],"4":[0,0],"5":[0,0]}}
,"E:\\Projetos\\gofinances\\src\\screens\\Resume\\styles.ts": {"path":"E:\\Projetos\\gofinances\\src\\screens\\Resume\\styles.ts","statementMap":{"0":{"start":{"line":6,"column":25},"end":{"line":9,"column":1}},"1":{"start":{"line":8,"column":39},"end":{"line":8,"column":62}},"2":{"start":{"line":11,"column":22},"end":{"line":18,"column":1}},"3":{"start":{"line":12,"column":39},"end":{"line":12,"column":59}},"4":{"start":{"line":20,"column":21},"end":{"line":24,"column":1}},"5":{"start":{"line":21,"column":34},"end":{"line":21,"column":53}},"6":{"start":{"line":22,"column":28},"end":{"line":22,"column":46}},"7":{"start":{"line":26,"column":23},"end":{"line":28,"column":1}},"8":{"start":{"line":30,"column":30},"end":{"line":33,"column":1}},"9":{"start":{"line":35,"column":27},"end":{"line":41,"column":1}},"10":{"start":{"line":43,"column":33},"end":{"line":45,"column":1}},"11":{"start":{"line":47,"column":31},"end":{"line":49,"column":1}},"12":{"start":{"line":51,"column":21},"end":{"line":54,"column":1}},"13":{"start":{"line":52,"column":35},"end":{"line":52,"column":54}},"14":{"start":{"line":56,"column":29},"end":{"line":60,"column":1}}},"fnMap":{"0":{"name":"(anonymous_0)","decl":{"start":{"line":8,"column":24},"end":{"line":8,"column":25}},"loc":{"start":{"line":8,"column":39},"end":{"line":8,"column":62}},"line":8},"1":{"name":"(anonymous_1)","decl":{"start":{"line":12,"column":24},"end":{"line":12,"column":25}},"loc":{"start":{"line":12,"column":39},"end":{"line":12,"column":59}},"line":12},"2":{"name":"(anonymous_2)","decl":{"start":{"line":21,"column":19},"end":{"line":21,"column":20}},"loc":{"start":{"line":21,"column":34},"end":{"line":21,"column":53}},"line":21},"3":{"name":"(anonymous_3)","decl":{"start":{"line":22,"column":13},"end":{"line":22,"column":14}},"loc":{"start":{"line":22,"column":28},"end":{"line":22,"column":46}},"line":22},"4":{"name":"(anonymous_4)","decl":{"start":{"line":52,"column":20},"end":{"line":52,"column":21}},"loc":{"start":{"line":52,"column":35},"end":{"line":52,"column":54}},"line":52}},"branchMap":{},"s":{"0":0,"1":0,"2":0,"3":0,"4":0,"5":0,"6":0,"7":0,"8":0,"9":0,"10":0,"11":0,"12":0,"13":0,"14":0},"f":{"0":0,"1":0,"2":0,"3":0,"4":0},"b":{}}
,"E:\\Projetos\\gofinances\\src\\screens\\SignIn\\index.tsx": {"path":"E:\\Projetos\\gofinances\\src\\screens\\SignIn\\index.tsx","statementMap":{"0":{"start":{"line":23,"column":38},"end":{"line":23,"column":53}},"1":{"start":{"line":24,"column":50},"end":{"line":24,"column":59}},"2":{"start":{"line":26,"column":18},"end":{"line":26,"column":28}},"3":{"start":{"line":29,"column":8},"end":{"line":36,"column":9}},"4":{"start":{"line":30,"column":12},"end":{"line":30,"column":31}},"5":{"start":{"line":31,"column":12},"end":{"line":31,"column":44}},"6":{"start":{"line":33,"column":12},"end":{"line":33,"column":31}},"7":{"start":{"line":34,"column":12},"end":{"line":34,"column":68}},"8":{"start":{"line":35,"column":12},"end":{"line":35,"column":32}},"9":{"start":{"line":40,"column":8},"end":{"line":47,"column":9}},"10":{"start":{"line":41,"column":12},"end":{"line":41,"column":31}},"11":{"start":{"line":42,"column":12},"end":{"line":42,"column":43}},"12":{"start":{"line":44,"column":12},"end":{"line":44,"column":31}},"13":{"start":{"line":45,"column":12},"end":{"line":45,"column":67}},"14":{"start":{"line":46,"column":12},"end":{"line":46,"column":32}},"15":{"start":{"line":51,"column":4},"end":{"line":98,"column":6}}},"fnMap":{"0":{"name":"SignIn","decl":{"start":{"line":22,"column":16},"end":{"line":22,"column":22}},"loc":{"start":{"line":22,"column":25},"end":{"line":99,"column":1}},"line":22},"1":{"name":"handleSingInWithGoogle","decl":{"start":{"line":28,"column":19},"end":{"line":28,"column":41}},"loc":{"start":{"line":28,"column":44},"end":{"line":37,"column":5}},"line":28},"2":{"name":"handleSingInWithApple","decl":{"start":{"line":39,"column":19},"end":{"line":39,"column":40}},"loc":{"start":{"line":39,"column":43},"end":{"line":48,"column":5}},"line":39}},"branchMap":{"0":{"loc":{"start":{"line":80,"column":24},"end":{"line":85,"column":26}},"type":"binary-expr","locations":[{"start":{"line":80,"column":24},"end":{"line":80,"column":45}},{"start":{"line":81,"column":24},"end":{"line":85,"column":26}}],"line":80},"1":{"loc":{"start":{"line":89,"column":17},"end":{"line":93,"column":22}},"type":"binary-expr","locations":[{"start":{"line":89,"column":17},"end":{"line":89,"column":26}},{"start":{"line":90,"column":20},"end":{"line":93,"column":22}}],"line":89}},"s":{"0":0,"1":0,"2":0,"3":0,"4":0,"5":0,"6":0,"7":0,"8":0,"9":0,"10":0,"11":0,"12":0,"13":0,"14":0,"15":0},"f":{"0":0,"1":0,"2":0},"b":{"0":[0,0],"1":[0,0]}}
,"E:\\Projetos\\gofinances\\src\\screens\\SignIn\\styles.ts": {"path":"E:\\Projetos\\gofinances\\src\\screens\\SignIn\\styles.ts","statementMap":{"0":{"start":{"line":4,"column":25},"end":{"line":6,"column":1}},"1":{"start":{"line":8,"column":22},"end":{"line":16,"column":1}},"2":{"start":{"line":12,"column":39},"end":{"line":12,"column":59}},"3":{"start":{"line":18,"column":28},"end":{"line":20,"column":1}},"4":{"start":{"line":22,"column":21},"end":{"line":28,"column":1}},"5":{"start":{"line":23,"column":34},"end":{"line":23,"column":52}},"6":{"start":{"line":24,"column":28},"end":{"line":24,"column":46}},"7":{"start":{"line":30,"column":27},"end":{"line":37,"column":1}},"8":{"start":{"line":31,"column":34},"end":{"line":31,"column":53}},"9":{"start":{"line":32,"column":28},"end":{"line":32,"column":46}},"10":{"start":{"line":39,"column":22},"end":{"line":43,"column":1}},"11":{"start":{"line":42,"column":39},"end":{"line":42,"column":61}},"12":{"start":{"line":45,"column":29},"end":{"line":49,"column":1}}},"fnMap":{"0":{"name":"(anonymous_0)","decl":{"start":{"line":12,"column":24},"end":{"line":12,"column":25}},"loc":{"start":{"line":12,"column":39},"end":{"line":12,"column":59}},"line":12},"1":{"name":"(anonymous_1)","decl":{"start":{"line":23,"column":19},"end":{"line":23,"column":20}},"loc":{"start":{"line":23,"column":34},"end":{"line":23,"column":52}},"line":23},"2":{"name":"(anonymous_2)","decl":{"start":{"line":24,"column":13},"end":{"line":24,"column":14}},"loc":{"start":{"line":24,"column":28},"end":{"line":24,"column":46}},"line":24},"3":{"name":"(anonymous_3)","decl":{"start":{"line":31,"column":19},"end":{"line":31,"column":20}},"loc":{"start":{"line":31,"column":34},"end":{"line":31,"column":53}},"line":31},"4":{"name":"(anonymous_4)","decl":{"start":{"line":32,"column":13},"end":{"line":32,"column":14}},"loc":{"start":{"line":32,"column":28},"end":{"line":32,"column":46}},"line":32},"5":{"name":"(anonymous_5)","decl":{"start":{"line":42,"column":24},"end":{"line":42,"column":25}},"loc":{"start":{"line":42,"column":39},"end":{"line":42,"column":61}},"line":42}},"branchMap":{},"s":{"0":0,"1":0,"2":0,"3":0,"4":0,"5":0,"6":0,"7":0,"8":0,"9":0,"10":0,"11":0,"12":0},"f":{"0":0,"1":0,"2":0,"3":0,"4":0,"5":0},"b":{}}
,"E:\\Projetos\\gofinances\\src\\utils\\categories.ts": {"path":"E:\\Projetos\\gofinances\\src\\utils\\categories.ts","statementMap":{"0":{"start":{"line":1,"column":26},"end":{"line":8,"column":1}}},"fnMap":{},"branchMap":{},"s":{"0":1},"f":{},"b":{},"_coverageSchema":"1a1c01bbd47fc00a2c39e90264f33305004495a9","hash":"5338262d802a8118577a9b1df2876a7f77f2a9b9"}
}
