TN:
SF:src\@types\svg\index.d.ts
FNF:0
FNH:0
LF:0
LH:0
BRF:0
BRH:0
end_of_record
TN:
SF:src\components\Form\Button\index.tsx
FN:11,Button
FNF:1
FNH:1
FNDA:4,Button
DA:15,4
LF:1
LH:1
BRF:0
BRH:0
end_of_record
TN:
SF:src\components\Form\Button\styles.ts
FN:8,(anonymous_0)
FN:15,(anonymous_1)
FN:17,(anonymous_2)
FNF:3
FNH:3
FNDA:4,(anonymous_0)
FNDA:4,(anonymous_1)
FNDA:4,(anonymous_2)
DA:6,1
DA:8,4
DA:14,1
DA:15,4
DA:17,4
LF:5
LH:5
BRF:0
BRH:0
end_of_record
TN:
SF:src\components\Form\CategorySelectButton\index.tsx
FN:11,CategorySelectButton
FNF:1
FNH:1
FNDA:2,CategorySelectButton
DA:12,2
LF:1
LH:1
BRF:0
BRH:0
end_of_record
TN:
SF:src\components\Form\CategorySelectButton\styles.ts
FN:9,(anonymous_0)
FN:18,(anonymous_1)
FN:24,(anonymous_2)
FNF:3
FNH:3
FNDA:2,(anonymous_0)
FNDA:2,(anonymous_1)
FNDA:2,(anonymous_2)
DA:6,1
DA:9,2
DA:17,1
DA:18,2
DA:22,1
DA:24,2
LF:6
LH:6
BRF:0
BRH:0
end_of_record
TN:
SF:src\components\Form\Input\index.tsx
FN:10,Input
FNF:1
FNH:1
FNDA:5,Input
DA:11,5
LF:1
LH:1
BRDA:10,0,0,4
BRF:1
BRH:1
end_of_record
TN:
SF:src\components\Form\Input\styles.ts
FN:12,(anonymous_0)
FN:14,(anonymous_1)
FN:15,(anonymous_2)
FN:19,(anonymous_3)
FNF:4
FNH:4
FNDA:5,(anonymous_0)
FNDA:5,(anonymous_1)
FNDA:5,(anonymous_2)
FNDA:5,(anonymous_3)
DA:9,2
DA:12,5
DA:14,5
DA:15,5
DA:20,5
LF:5
LH:5
BRDA:20,0,0,5
BRDA:20,0,1,1
BRF:2
BRH:2
end_of_record
TN:
SF:src\components\Form\InputForm\index.tsx
FN:14,InputForm
FN:24,(anonymous_1)
FNF:2
FNH:2
FNDA:4,InputForm
FNDA:4,(anonymous_1)
DA:20,4
DA:25,4
LF:2
LH:2
BRDA:33,0,0,4
BRDA:33,0,1,0
BRF:2
BRH:1
end_of_record
TN:
SF:src\components\Form\InputForm\styles.ts
FN:10,(anonymous_0)
FN:11,(anonymous_1)
FNF:2
FNH:0
FNDA:0,(anonymous_0)
FNDA:0,(anonymous_1)
DA:4,1
DA:8,1
DA:10,0
DA:11,0
LF:4
LH:2
BRF:0
BRH:0
end_of_record
TN:
SF:src\components\Form\TransactionTypeButton\index.tsx
FN:21,TransactionTypeButton
FNF:1
FNH:1
FNDA:4,TransactionTypeButton
DA:10,1
DA:22,4
LF:2
LH:2
BRF:0
BRH:0
end_of_record
TN:
SF:src\components\Form\TransactionTypeButton\styles.ts
FN:18,(anonymous_0)
FN:20,(anonymous_1)
FN:23,(anonymous_2)
FN:24,(anonymous_3)
FN:26,(anonymous_4)
FN:27,(anonymous_5)
FN:41,(anonymous_6)
FN:45,(anonymous_7)
FNF:8
FNH:6
FNDA:4,(anonymous_0)
FNDA:4,(anonymous_1)
FNDA:4,(anonymous_2)
FNDA:0,(anonymous_3)
FNDA:4,(anonymous_4)
FNDA:0,(anonymous_5)
FNDA:4,(anonymous_6)
FNDA:4,(anonymous_7)
DA:15,1
DA:18,4
DA:20,4
DA:23,4
DA:24,0
DA:26,4
DA:27,0
DA:31,1
DA:38,1
DA:41,4
DA:44,1
DA:45,4
LF:12
LH:10
BRDA:18,0,0,0
BRDA:18,0,1,4
BRDA:23,1,0,4
BRDA:23,1,1,0
BRDA:23,1,2,0
BRDA:26,2,0,4
BRDA:26,2,1,0
BRDA:26,2,2,0
BRDA:41,3,0,2
BRDA:41,3,1,2
BRF:10
BRH:5
end_of_record
TN:
SF:src\components\HighlightCard\index.tsx
FN:26,HighlightCard
FNF:1
FNH:0
FNDA:0,HighlightCard
DA:20,0
DA:32,0
LF:2
LH:0
BRF:0
BRH:0
end_of_record
TN:
SF:src\components\HighlightCard\styles.ts
FN:10,(anonymous_0)
FN:25,(anonymous_1)
FN:28,(anonymous_2)
FN:35,(anonymous_3)
FN:36,(anonymous_4)
FN:39,(anonymous_5)
FN:40,(anonymous_6)
FN:43,(anonymous_7)
FN:44,(anonymous_8)
FN:53,(anonymous_9)
FN:57,(anonymous_10)
FN:62,(anonymous_11)
FN:65,(anonymous_12)
FNF:13
FNH:0
FNDA:0,(anonymous_0)
FNDA:0,(anonymous_1)
FNDA:0,(anonymous_2)
FNDA:0,(anonymous_3)
FNDA:0,(anonymous_4)
FNDA:0,(anonymous_5)
FNDA:0,(anonymous_6)
FNDA:0,(anonymous_7)
FNDA:0,(anonymous_8)
FNDA:0,(anonymous_9)
FNDA:0,(anonymous_10)
FNDA:0,(anonymous_11)
FNDA:0,(anonymous_12)
DA:9,0
DA:11,0
DA:19,0
DA:24,0
DA:25,0
DA:29,0
DA:32,0
DA:35,0
DA:36,0
DA:39,0
DA:40,0
DA:43,0
DA:44,0
DA:48,0
DA:52,0
DA:53,0
DA:58,0
DA:61,0
DA:62,0
DA:66,0
LF:20
LH:0
BRDA:11,0,0,0
BRDA:11,0,1,0
BRDA:29,1,0,0
BRDA:29,1,1,0
BRDA:35,2,0,0
BRDA:35,2,1,0
BRDA:39,3,0,0
BRDA:39,3,1,0
BRDA:43,4,0,0
BRDA:43,4,1,0
BRDA:58,5,0,0
BRDA:58,5,1,0
BRDA:66,6,0,0
BRDA:66,6,1,0
BRF:14
BRH:0
end_of_record
TN:
SF:src\components\HistoryCard\index.tsx
FN:15,HistoryCard
FNF:1
FNH:0
FNDA:0,HistoryCard
DA:20,0
LF:1
LH:0
BRF:0
BRH:0
end_of_record
TN:
SF:src\components\HistoryCard\styles.ts
FN:10,(anonymous_0)
FN:16,(anonymous_1)
FN:21,(anonymous_2)
FN:26,(anonymous_3)
FNF:4
FNH:0
FNDA:0,(anonymous_0)
FNDA:0,(anonymous_1)
FNDA:0,(anonymous_2)
FNDA:0,(anonymous_3)
DA:8,0
DA:10,0
DA:16,0
DA:20,0
DA:21,0
DA:25,0
DA:26,0
LF:7
LH:0
BRF:0
BRH:0
end_of_record
TN:
SF:src\components\SignInSocialButton\index.tsx
FN:16,SignInSocialButton
FNF:1
FNH:0
FNDA:0,SignInSocialButton
DA:21,0
LF:1
LH:0
BRF:0
BRH:0
end_of_record
TN:
SF:src\components\SignInSocialButton\styles.ts
FN:8,(anonymous_0)
FN:20,(anonymous_1)
FN:28,(anonymous_2)
FNF:3
FNH:0
FNDA:0,(anonymous_0)
FNDA:0,(anonymous_1)
FNDA:0,(anonymous_2)
DA:6,0
DA:8,0
DA:15,0
DA:20,0
DA:24,0
DA:28,0
LF:6
LH:0
BRF:0
BRH:0
end_of_record
TN:
SF:src\components\TransactionCard\index.tsx
FN:28,TransactionCard
FN:30,(anonymous_1)
FNF:2
FNH:0
FNDA:0,TransactionCard
FNDA:0,(anonymous_1)
DA:30,0
DA:32,0
LF:2
LH:0
BRDA:39,0,0,0
BRDA:39,0,1,0
BRF:2
BRH:0
end_of_record
TN:
SF:src\components\TransactionCard\styles.ts
FN:10,(anonymous_0)
FN:18,(anonymous_1)
FN:23,(anonymous_2)
FN:25,(anonymous_3)
FN:43,(anonymous_4)
FN:48,(anonymous_5)
FN:54,(anonymous_6)
FNF:7
FNH:0
FNDA:0,(anonymous_0)
FNDA:0,(anonymous_1)
FNDA:0,(anonymous_2)
FNDA:0,(anonymous_3)
FNDA:0,(anonymous_4)
FNDA:0,(anonymous_5)
FNDA:0,(anonymous_6)
DA:9,0
DA:10,0
DA:16,0
DA:18,0
DA:21,0
DA:23,0
DA:26,0
DA:29,0
DA:36,0
DA:41,0
DA:43,0
DA:46,0
DA:48,0
DA:52,0
DA:54,0
LF:15
LH:0
BRDA:26,0,0,0
BRDA:26,0,1,0
BRF:2
BRH:0
end_of_record
TN:
SF:src\global\styles\styled.d.ts
FNF:0
FNH:0
LF:0
LH:0
BRF:0
BRH:0
end_of_record
TN:
SF:src\global\styles\theme.ts
FNF:0
FNH:0
LF:0
LH:0
BRF:0
BRH:0
end_of_record
TN:
SF:src\hooks\auth.tsx
FN:44,AuthProvider
FN:51,signInWithGoogle
FN:77,signInWithApple
FN:105,signOut
FN:110,(anonymous_4)
FN:111,loadUserStorageData
FN:138,useAuth
FNF:7
FNH:5
FNDA:5,AuthProvider
FNDA:2,signInWithGoogle
FNDA:0,signInWithApple
FNDA:0,signOut
FNDA:2,(anonymous_4)
FNDA:2,loadUserStorageData
FNDA:7,useAuth
DA:8,2
DA:9,2
DA:42,2
DA:46,5
DA:47,5
DA:49,5
DA:52,2
DA:53,2
DA:54,2
DA:56,2
DA:58,2
DA:60,2
DA:61,1
DA:62,1
DA:63,1
DA:69,1
DA:70,1
DA:73,0
DA:78,0
DA:79,0
DA:86,0
DA:87,0
DA:88,0
DA:90,0
DA:97,0
DA:98,0
DA:101,0
DA:106,0
DA:107,0
DA:110,5
DA:112,2
DA:114,2
DA:115,0
DA:116,0
DA:119,2
DA:122,2
DA:125,5
DA:139,7
DA:140,7
LF:39
LH:25
BRDA:60,0,0,1
BRDA:60,0,1,1
BRDA:86,1,0,0
BRDA:86,1,1,0
BRDA:114,2,0,0
BRDA:114,2,1,2
BRF:6
BRH:3
end_of_record
TN:
SF:src\routes\app.routes.tsx
FN:13,AppRoutes
FN:33,(anonymous_1)
FN:46,(anonymous_2)
FN:59,(anonymous_3)
FNF:4
FNH:0
FNDA:0,AppRoutes
FNDA:0,(anonymous_1)
FNDA:0,(anonymous_2)
FNDA:0,(anonymous_3)
DA:11,0
DA:15,0
DA:17,0
DA:34,0
DA:47,0
DA:60,0
LF:6
LH:0
BRDA:24,0,0,0
BRDA:24,0,1,0
BRF:2
BRH:0
end_of_record
TN:
SF:src\routes\auth.routes.tsx
FN:8,AuthRoutes
FNF:1
FNH:0
FNDA:0,AuthRoutes
DA:6,0
DA:9,0
LF:2
LH:0
BRF:0
BRH:0
end_of_record
TN:
SF:src\routes\index.tsx
FN:9,Routes
FNF:1
FNH:0
FNDA:0,Routes
DA:10,0
DA:12,0
LF:2
LH:0
BRDA:14,0,0,0
BRDA:14,0,1,0
BRF:2
BRH:0
end_of_record
TN:
SF:src\screens\CategorySelect\index.tsx
FN:27,CategorySelect
FN:33,handleCategorySelect
FN:47,(anonymous_2)
FN:48,(anonymous_3)
FN:50,(anonymous_4)
FN:57,(anonymous_5)
FNF:6
FNH:4
FNDA:2,CategorySelect
FNDA:0,handleCategorySelect
FNDA:12,(anonymous_2)
FNDA:12,(anonymous_3)
FNDA:0,(anonymous_4)
FNDA:10,(anonymous_5)
DA:34,0
DA:37,2
DA:47,12
DA:49,12
DA:50,0
DA:57,10
LF:6
LH:4
BRF:0
BRH:0
end_of_record
TN:
SF:src\screens\CategorySelect\styles.ts
FN:14,(anonymous_0)
FN:20,(anonymous_1)
FN:27,(anonymous_2)
FN:29,(anonymous_3)
FN:39,(anonymous_4)
FN:50,(anonymous_5)
FN:57,(anonymous_6)
FNF:7
FNH:7
FNDA:2,(anonymous_0)
FNDA:2,(anonymous_1)
FNDA:2,(anonymous_2)
FNDA:2,(anonymous_3)
FNDA:12,(anonymous_4)
FNDA:12,(anonymous_5)
FNDA:10,(anonymous_6)
DA:12,1
DA:14,2
DA:17,1
DA:20,2
DA:26,1
DA:27,2
DA:29,2
DA:32,1
DA:40,12
DA:44,1
DA:49,1
DA:50,12
DA:54,1
DA:57,10
DA:60,1
LF:15
LH:15
BRDA:40,0,0,0
BRDA:40,0,1,12
BRF:2
BRH:1
end_of_record
TN:
SF:src\screens\Dashboard\index.tsx
FN:44,Dashboard
FN:52,getLastTransactionDate
FN:57,(anonymous_2)
FN:64,(anonymous_3)
FN:71,loadTransactions
FN:86,(anonymous_5)
FN:150,(anonymous_6)
FN:155,(anonymous_7)
FN:212,(anonymous_8)
FN:213,(anonymous_9)
FNF:10
FNH:0
FNDA:0,Dashboard
FNDA:0,getLastTransactionDate
FNDA:0,(anonymous_2)
FNDA:0,(anonymous_3)
FNDA:0,loadTransactions
FNDA:0,(anonymous_5)
FNDA:0,(anonymous_6)
FNDA:0,(anonymous_7)
FNDA:0,(anonymous_8)
FNDA:0,(anonymous_9)
DA:45,0
DA:46,0
DA:47,0
DA:49,0
DA:50,0
DA:57,0
DA:59,0
DA:60,0
DA:62,0
DA:64,0
DA:68,0
DA:72,0
DA:79,0
DA:80,0
DA:82,0
DA:83,0
DA:85,0
DA:88,0
DA:89,0
DA:91,0
DA:95,0
DA:100,0
DA:106,0
DA:116,0
DA:118,0
DA:119,0
DA:122,0
DA:126,0
DA:128,0
DA:147,0
DA:150,0
DA:151,0
DA:155,0
DA:156,0
DA:159,0
DA:212,0
DA:213,0
LF:37
LH:0
BRDA:59,0,0,0
BRDA:59,0,1,0
BRDA:80,1,0,0
BRDA:80,1,1,0
BRDA:88,2,0,0
BRDA:88,2,1,0
BRDA:122,3,0,0
BRDA:122,3,1,0
BRDA:131,4,0,0
BRDA:131,4,1,0
BRDA:137,5,0,0
BRDA:137,5,1,0
BRDA:162,6,0,0
BRDA:162,6,1,0
BRF:14
BRH:0
end_of_record
TN:
SF:src\screens\Dashboard\styles.ts
FN:12,(anonymous_0)
FN:19,(anonymous_1)
FN:50,(anonymous_2)
FN:52,(anonymous_3)
FN:56,(anonymous_4)
FN:58,(anonymous_5)
FN:66,(anonymous_6)
FN:88,(anonymous_7)
FNF:8
FNH:0
FNDA:0,(anonymous_0)
FNDA:0,(anonymous_1)
FNDA:0,(anonymous_2)
FNDA:0,(anonymous_3)
FNDA:0,(anonymous_4)
FNDA:0,(anonymous_5)
FNDA:0,(anonymous_6)
FNDA:0,(anonymous_7)
DA:10,0
DA:12,0
DA:16,0
DA:19,0
DA:25,0
DA:34,0
DA:39,0
DA:45,0
DA:49,0
DA:50,0
DA:52,0
DA:55,0
DA:56,0
DA:58,0
DA:61,0
DA:65,0
DA:66,0
DA:70,0
DA:80,0
DA:86,0
DA:88,0
DA:92,0
DA:103,0
LF:23
LH:0
BRF:0
BRH:0
end_of_record
TN:
SF:src\screens\Profile\index.tsx
FN:4,Profile
FN:15,(anonymous_1)
FNF:2
FNH:1
FNDA:3,Profile
FNDA:0,(anonymous_1)
DA:5,3
LF:1
LH:1
BRF:0
BRH:0
end_of_record
TN:
SF:src\screens\Register\index.tsx
FN:40,Register
FN:62,handleTransactionTypes
FN:66,handleCloseSelectCategoryModal
FN:70,handleOpenSelectCategoryModal
FN:74,handleRegister
FN:153,(anonymous_5)
FN:159,(anonymous_6)
FNF:7
FNH:2
FNDA:2,Register
FNDA:0,handleTransactionTypes
FNDA:0,handleCloseSelectCategoryModal
FNDA:1,handleOpenSelectCategoryModal
FNDA:0,handleRegister
FNDA:0,(anonymous_5)
FNDA:0,(anonymous_6)
DA:31,1
DA:41,2
DA:42,2
DA:44,2
DA:46,2
DA:58,2
DA:63,0
DA:67,0
DA:71,1
DA:75,0
DA:77,0
DA:78,0
DA:80,0
DA:89,0
DA:90,0
DA:91,0
DA:92,0
DA:94,0
DA:96,0
DA:98,0
DA:99,0
DA:100,0
DA:107,0
DA:108,0
DA:125,2
DA:153,0
DA:159,0
LF:27
LH:8
BRDA:75,0,0,0
BRDA:75,0,1,0
BRDA:77,1,0,0
BRDA:77,1,1,0
BRDA:92,2,0,0
BRDA:92,2,1,0
BRDA:140,3,0,2
BRDA:140,3,1,0
BRDA:147,4,0,2
BRDA:147,4,1,0
BRF:10
BRH:2
end_of_record
TN:
SF:src\screens\Register\styles.ts
FN:6,(anonymous_0)
FN:10,(anonymous_1)
FN:19,(anonymous_2)
FN:20,(anonymous_3)
FNF:4
FNH:4
FNDA:2,(anonymous_0)
FNDA:2,(anonymous_1)
FNDA:2,(anonymous_2)
FNDA:2,(anonymous_3)
DA:4,1
DA:6,2
DA:9,1
DA:10,2
DA:18,1
DA:19,2
DA:20,2
DA:24,1
DA:31,1
DA:33,1
LF:10
LH:10
BRF:0
BRH:0
end_of_record
TN:
SF:src\screens\Resume\index.tsx
FN:45,Resume
FN:54,handleDateChange
FN:63,loadData
FN:69,(anonymous_3)
FN:75,(anonymous_4)
FN:81,(anonymous_5)
FN:84,(anonymous_6)
FN:111,(anonymous_7)
FN:137,(anonymous_8)
FN:143,(anonymous_9)
FN:151,(anonymous_10)
FN:166,(anonymous_11)
FNF:12
FNH:0
FNDA:0,Resume
FNDA:0,handleDateChange
FNDA:0,loadData
FNDA:0,(anonymous_3)
FNDA:0,(anonymous_4)
FNDA:0,(anonymous_5)
FNDA:0,(anonymous_6)
FNDA:0,(anonymous_7)
FNDA:0,(anonymous_8)
FNDA:0,(anonymous_9)
FNDA:0,(anonymous_10)
FNDA:0,(anonymous_11)
DA:46,0
DA:47,0
DA:48,0
DA:50,0
DA:52,0
DA:56,0
DA:57,0
DA:59,0
DA:64,0
DA:65,0
DA:66,0
DA:67,0
DA:69,0
DA:70,0
DA:75,0
DA:76,0
DA:79,0
DA:81,0
DA:82,0
DA:84,0
DA:85,0
DA:86,0
DA:90,0
DA:91,0
DA:93,0
DA:95,0
DA:106,0
DA:107,0
DA:111,0
DA:112,0
DA:115,0
DA:137,0
DA:143,0
DA:151,0
DA:167,0
LF:35
LH:0
BRDA:56,0,0,0
BRDA:56,0,1,0
BRDA:67,1,0,0
BRDA:67,1,1,0
BRDA:70,2,0,0
BRDA:70,2,1,0
BRDA:70,2,2,0
BRDA:85,3,0,0
BRDA:85,3,1,0
BRDA:90,4,0,0
BRDA:90,4,1,0
BRDA:121,5,0,0
BRDA:121,5,1,0
BRF:13
BRH:0
end_of_record
TN:
SF:src\screens\Resume\styles.ts
FN:8,(anonymous_0)
FN:12,(anonymous_1)
FN:21,(anonymous_2)
FN:22,(anonymous_3)
FN:52,(anonymous_4)
FNF:5
FNH:0
FNDA:0,(anonymous_0)
FNDA:0,(anonymous_1)
FNDA:0,(anonymous_2)
FNDA:0,(anonymous_3)
FNDA:0,(anonymous_4)
DA:6,0
DA:8,0
DA:11,0
DA:12,0
DA:20,0
DA:21,0
DA:22,0
DA:26,0
DA:30,0
DA:35,0
DA:43,0
DA:47,0
DA:51,0
DA:52,0
DA:56,0
LF:15
LH:0
BRF:0
BRH:0
end_of_record
TN:
SF:src\screens\SignIn\index.tsx
FN:22,SignIn
FN:28,handleSingInWithGoogle
FN:39,handleSingInWithApple
FNF:3
FNH:0
FNDA:0,SignIn
FNDA:0,handleSingInWithGoogle
FNDA:0,handleSingInWithApple
DA:23,0
DA:24,0
DA:26,0
DA:29,0
DA:30,0
DA:31,0
DA:33,0
DA:34,0
DA:35,0
DA:40,0
DA:41,0
DA:42,0
DA:44,0
DA:45,0
DA:46,0
DA:51,0
LF:16
LH:0
BRDA:80,0,0,0
BRDA:80,0,1,0
BRDA:89,1,0,0
BRDA:89,1,1,0
BRF:4
BRH:0
end_of_record
TN:
SF:src\screens\SignIn\styles.ts
FN:12,(anonymous_0)
FN:23,(anonymous_1)
FN:24,(anonymous_2)
FN:31,(anonymous_3)
FN:32,(anonymous_4)
FN:42,(anonymous_5)
FNF:6
FNH:0
FNDA:0,(anonymous_0)
FNDA:0,(anonymous_1)
FNDA:0,(anonymous_2)
FNDA:0,(anonymous_3)
FNDA:0,(anonymous_4)
FNDA:0,(anonymous_5)
DA:4,0
DA:8,0
DA:12,0
DA:18,0
DA:22,0
DA:23,0
DA:24,0
DA:30,0
DA:31,0
DA:32,0
DA:39,0
DA:42,0
DA:45,0
LF:13
LH:0
BRF:0
BRH:0
end_of_record
TN:
SF:src\utils\categories.ts
FNF:0
FNH:0
DA:1,1
LF:1
LH:1
BRF:0
BRH:0
end_of_record
